{"level":"info","message":"Hello from Acquisitions!","service":"aquisitions-api"}
{"level":"info","message":"::1 - - [07/Nov/2025:06:38:14 +0000] \"GET / HTTP/1.1\" 304 - \"-\" \"Mozilla/5.0 (Windows NT 10.0; Win64; x64) AppleWebKit/537.36 (KHTML, like Gecko) Chrome/142.0.0.0 Safari/537.36\"","service":"aquisitions-api"}
{"level":"info","message":"::1 - - [07/Nov/2025:06:38:14 +0000] \"GET /favicon.ico HTTP/1.1\" 404 150 \"-\" \"Mozilla/5.0 (Windows NT 10.0; Win64; x64) AppleWebKit/537.36 (KHTML, like Gecko) Chrome/142.0.0.0 Safari/537.36\"","service":"aquisitions-api"}
{"level":"info","message":"Hello from Acquisitions!","service":"aquisitions-api"}
{"level":"info","message":"::1 - - [07/Nov/2025:06:56:52 +0000] \"GET / HTTP/1.1\" 304 - \"-\" \"Mozilla/5.0 (Windows NT 10.0; Win64; x64) AppleWebKit/537.36 (KHTML, like Gecko) Chrome/142.0.0.0 Safari/537.36\"","service":"aquisitions-api"}
{"level":"info","message":"Hello from Acquisitions!","service":"aquisitions-api"}
{"level":"info","message":"::1 - - [07/Nov/2025:07:02:19 +0000] \"GET / HTTP/1.1\" 200 24 \"-\" \"HTTPie\"","service":"aquisitions-api"}
{"level":"info","message":"::1 - - [07/Nov/2025:07:02:40 +0000] \"GET /api HTTP/1.1\" 200 41 \"-\" \"HTTPie\"","service":"aquisitions-api"}
{"level":"info","message":"::1 - - [07/Nov/2025:07:02:57 +0000] \"GET /health HTTP/1.1\" 200 75 \"-\" \"HTTPie\"","service":"aquisitions-api"}
{"level":"info","message":"::1 - - [07/Nov/2025:07:03:39 +0000] \"POST /api/auth/sign-in HTTP/1.1\" 404 156 \"-\" \"HTTPie\"","service":"aquisitions-api"}
{"level":"info","message":"::1 - - [07/Nov/2025:07:04:00 +0000] \"POST /api/auth/sign-in HTTP/1.1\" 404 156 \"-\" \"HTTPie\"","service":"aquisitions-api"}
{"level":"info","message":"::1 - - [07/Nov/2025:07:05:54 +0000] \"POST /api/auth/sign-in HTTP/1.1\" 200 31 \"-\" \"HTTPie\"","service":"aquisitions-api"}
{"level":"info","message":"::1 - - [07/Nov/2025:13:06:30 +0000] \"POST /api/auth/sign-up HTTP/1.1\" 200 31 \"-\" \"HTTPie\"","service":"aquisitions-api"}
{"level":"info","message":"::1 - - [07/Nov/2025:13:07:18 +0000] \"POST /api/auth/sign-up HTTP/1.1\" 400 92 \"-\" \"HTTPie\"","service":"aquisitions-api"}
{"level":"info","message":"::1 - - [07/Nov/2025:13:08:34 +0000] \"POST /api/auth/sign-up?email=contact%40google.com HTTP/1.1\" 400 92 \"-\" \"HTTPie\"","service":"aquisitions-api"}
{"level":"info","message":"::1 - - [07/Nov/2025:13:09:36 +0000] \"POST /api/auth/sign-up?email=contact%40google.com HTTP/1.1\" 400 144 \"-\" \"HTTPie\"","service":"aquisitions-api"}
{"level":"info","message":"::1 - - [07/Nov/2025:13:10:01 +0000] \"POST /api/auth/sign-up?email=contact%40google.com HTTP/1.1\" 400 92 \"-\" \"HTTPie\"","service":"aquisitions-api"}
{"level":"info","message":"User registered successfully: contact@gmail.com","service":"aquisitions-api"}
{"level":"info","message":"::1 - - [07/Nov/2025:13:10:39 +0000] \"POST /api/auth/sign-up?email=contact%40google.com HTTP/1.1\" 201 102 \"-\" \"HTTPie\"","service":"aquisitions-api"}
{"level":"error","message":"Signup error password is not defined","service":"aquisitions-api","stack":"ReferenceError: password is not defined\n    at signup (file:///C:/Users/Aishwarya%20SK/Desktop/DevOps_Project/acquisitions/src/controllers/auth.controller.js:21:50)\n    at Layer.handleRequest (C:\\Users\\Aishwarya SK\\Desktop\\DevOps_Project\\acquisitions\\node_modules\\router\\lib\\layer.js:152:17)\n    at next (C:\\Users\\Aishwarya SK\\Desktop\\DevOps_Project\\acquisitions\\node_modules\\router\\lib\\route.js:157:13)\n    at Route.dispatch (C:\\Users\\Aishwarya SK\\Desktop\\DevOps_Project\\acquisitions\\node_modules\\router\\lib\\route.js:117:3)\n    at handle (C:\\Users\\Aishwarya SK\\Desktop\\DevOps_Project\\acquisitions\\node_modules\\router\\index.js:435:11)\n    at Layer.handleRequest (C:\\Users\\Aishwarya SK\\Desktop\\DevOps_Project\\acquisitions\\node_modules\\router\\lib\\layer.js:152:17)\n    at C:\\Users\\Aishwarya SK\\Desktop\\DevOps_Project\\acquisitions\\node_modules\\router\\index.js:295:15\n    at processParams (C:\\Users\\Aishwarya SK\\Desktop\\DevOps_Project\\acquisitions\\node_modules\\router\\index.js:582:12)\n    at next (C:\\Users\\Aishwarya SK\\Desktop\\DevOps_Project\\acquisitions\\node_modules\\router\\index.js:291:5)\n    at Function.handle (C:\\Users\\Aishwarya SK\\Desktop\\DevOps_Project\\acquisitions\\node_modules\\router\\index.js:186:3)"}
{"level":"info","message":"::1 - - [07/Nov/2025:17:51:08 +0000] \"POST /api/auth/sign-up?email=contact%40google.com HTTP/1.1\" 500 1461 \"-\" \"HTTPie\"","service":"aquisitions-api"}
{"level":"error","message":"Error creating the user: ReferenceError: db is not defined","service":"aquisitions-api"}
{"level":"error","message":"Signup error db is not defined","service":"aquisitions-api","stack":"ReferenceError: db is not defined\n    at createUser (file:///C:/Users/Aishwarya%20SK/Desktop/DevOps_Project/acquisitions/src/services/auth.service.js:15:26)\n    at signup (file:///C:/Users/Aishwarya%20SK/Desktop/DevOps_Project/acquisitions/src/controllers/auth.controller.js:21:24)\n    at Layer.handleRequest (C:\\Users\\Aishwarya SK\\Desktop\\DevOps_Project\\acquisitions\\node_modules\\router\\lib\\layer.js:152:17)\n    at next (C:\\Users\\Aishwarya SK\\Desktop\\DevOps_Project\\acquisitions\\node_modules\\router\\lib\\route.js:157:13)\n    at Route.dispatch (C:\\Users\\Aishwarya SK\\Desktop\\DevOps_Project\\acquisitions\\node_modules\\router\\lib\\route.js:117:3)\n    at handle (C:\\Users\\Aishwarya SK\\Desktop\\DevOps_Project\\acquisitions\\node_modules\\router\\index.js:435:11)\n    at Layer.handleRequest (C:\\Users\\Aishwarya SK\\Desktop\\DevOps_Project\\acquisitions\\node_modules\\router\\lib\\layer.js:152:17)\n    at C:\\Users\\Aishwarya SK\\Desktop\\DevOps_Project\\acquisitions\\node_modules\\router\\index.js:295:15\n    at processParams (C:\\Users\\Aishwarya SK\\Desktop\\DevOps_Project\\acquisitions\\node_modules\\router\\index.js:582:12)\n    at next (C:\\Users\\Aishwarya SK\\Desktop\\DevOps_Project\\acquisitions\\node_modules\\router\\index.js:291:5)"}
{"level":"info","message":"::1 - - [07/Nov/2025:17:58:32 +0000] \"POST /api/auth/sign-up?email=contact%40google.com HTTP/1.1\" 500 1460 \"-\" \"HTTPie\"","service":"aquisitions-api"}
{"level":"error","message":"Error creating the user: ReferenceError: db is not defined","service":"aquisitions-api"}
{"level":"error","message":"Signup error db is not defined","service":"aquisitions-api","stack":"ReferenceError: db is not defined\n    at createUser (file:///C:/Users/Aishwarya%20SK/Desktop/DevOps_Project/acquisitions/src/services/auth.service.js:15:26)\n    at signup (file:///C:/Users/Aishwarya%20SK/Desktop/DevOps_Project/acquisitions/src/controllers/auth.controller.js:21:24)\n    at Layer.handleRequest (C:\\Users\\Aishwarya SK\\Desktop\\DevOps_Project\\acquisitions\\node_modules\\router\\lib\\layer.js:152:17)\n    at next (C:\\Users\\Aishwarya SK\\Desktop\\DevOps_Project\\acquisitions\\node_modules\\router\\lib\\route.js:157:13)\n    at Route.dispatch (C:\\Users\\Aishwarya SK\\Desktop\\DevOps_Project\\acquisitions\\node_modules\\router\\lib\\route.js:117:3)\n    at handle (C:\\Users\\Aishwarya SK\\Desktop\\DevOps_Project\\acquisitions\\node_modules\\router\\index.js:435:11)\n    at Layer.handleRequest (C:\\Users\\Aishwarya SK\\Desktop\\DevOps_Project\\acquisitions\\node_modules\\router\\lib\\layer.js:152:17)\n    at C:\\Users\\Aishwarya SK\\Desktop\\DevOps_Project\\acquisitions\\node_modules\\router\\index.js:295:15\n    at processParams (C:\\Users\\Aishwarya SK\\Desktop\\DevOps_Project\\acquisitions\\node_modules\\router\\index.js:582:12)\n    at next (C:\\Users\\Aishwarya SK\\Desktop\\DevOps_Project\\acquisitions\\node_modules\\router\\index.js:291:5)"}
{"level":"info","message":"::1 - - [07/Nov/2025:17:58:34 +0000] \"POST /api/auth/sign-up?email=contact%40google.com HTTP/1.1\" 500 1460 \"-\" \"HTTPie\"","service":"aquisitions-api"}
{"level":"error","message":"Error creating the user: ReferenceError: users is not defined","service":"aquisitions-api"}
{"level":"error","message":"Signup error users is not defined","service":"aquisitions-api","stack":"ReferenceError: users is not defined\n    at createUser (file:///C:/Users/Aishwarya%20SK/Desktop/DevOps_Project/acquisitions/src/services/auth.service.js:18:13)\n    at signup (file:///C:/Users/Aishwarya%20SK/Desktop/DevOps_Project/acquisitions/src/controllers/auth.controller.js:21:24)\n    at Layer.handleRequest (C:\\Users\\Aishwarya SK\\Desktop\\DevOps_Project\\acquisitions\\node_modules\\router\\lib\\layer.js:152:17)\n    at next (C:\\Users\\Aishwarya SK\\Desktop\\DevOps_Project\\acquisitions\\node_modules\\router\\lib\\route.js:157:13)\n    at Route.dispatch (C:\\Users\\Aishwarya SK\\Desktop\\DevOps_Project\\acquisitions\\node_modules\\router\\lib\\route.js:117:3)\n    at handle (C:\\Users\\Aishwarya SK\\Desktop\\DevOps_Project\\acquisitions\\node_modules\\router\\index.js:435:11)\n    at Layer.handleRequest (C:\\Users\\Aishwarya SK\\Desktop\\DevOps_Project\\acquisitions\\node_modules\\router\\lib\\layer.js:152:17)\n    at C:\\Users\\Aishwarya SK\\Desktop\\DevOps_Project\\acquisitions\\node_modules\\router\\index.js:295:15\n    at processParams (C:\\Users\\Aishwarya SK\\Desktop\\DevOps_Project\\acquisitions\\node_modules\\router\\index.js:582:12)\n    at next (C:\\Users\\Aishwarya SK\\Desktop\\DevOps_Project\\acquisitions\\node_modules\\router\\index.js:291:5)"}
{"level":"info","message":"::1 - - [07/Nov/2025:18:00:20 +0000] \"POST /api/auth/sign-up?email=contact%40google.com HTTP/1.1\" 500 1463 \"-\" \"HTTPie\"","service":"aquisitions-api"}
{"level":"error","message":"Error creating the user: ReferenceError: eq is not defined","service":"aquisitions-api"}
{"level":"error","message":"Signup error eq is not defined","service":"aquisitions-api","stack":"ReferenceError: eq is not defined\n    at createUser (file:///C:/Users/Aishwarya%20SK/Desktop/DevOps_Project/acquisitions/src/services/auth.service.js:20:7)\n    at signup (file:///C:/Users/Aishwarya%20SK/Desktop/DevOps_Project/acquisitions/src/controllers/auth.controller.js:21:24)\n    at Layer.handleRequest (C:\\Users\\Aishwarya SK\\Desktop\\DevOps_Project\\acquisitions\\node_modules\\router\\lib\\layer.js:152:17)\n    at next (C:\\Users\\Aishwarya SK\\Desktop\\DevOps_Project\\acquisitions\\node_modules\\router\\lib\\route.js:157:13)\n    at Route.dispatch (C:\\Users\\Aishwarya SK\\Desktop\\DevOps_Project\\acquisitions\\node_modules\\router\\lib\\route.js:117:3)\n    at handle (C:\\Users\\Aishwarya SK\\Desktop\\DevOps_Project\\acquisitions\\node_modules\\router\\index.js:435:11)\n    at Layer.handleRequest (C:\\Users\\Aishwarya SK\\Desktop\\DevOps_Project\\acquisitions\\node_modules\\router\\lib\\layer.js:152:17)\n    at C:\\Users\\Aishwarya SK\\Desktop\\DevOps_Project\\acquisitions\\node_modules\\router\\index.js:295:15\n    at processParams (C:\\Users\\Aishwarya SK\\Desktop\\DevOps_Project\\acquisitions\\node_modules\\router\\index.js:582:12)\n    at next (C:\\Users\\Aishwarya SK\\Desktop\\DevOps_Project\\acquisitions\\node_modules\\router\\index.js:291:5)"}
{"level":"info","message":"::1 - - [07/Nov/2025:18:00:48 +0000] \"POST /api/auth/sign-up?email=contact%40google.com HTTP/1.1\" 500 1459 \"-\" \"HTTPie\"","service":"aquisitions-api"}
{"level":"info","message":"User admin@gmail.com created successfully","service":"aquisitions-api"}
{"level":"info","message":"User registered successfully: admin@gmail.com","service":"aquisitions-api"}
{"level":"info","message":"::1 - - [07/Nov/2025:18:02:18 +0000] \"POST /api/auth/sign-up?email=contact%40google.com HTTP/1.1\" 201 101 \"-\" \"HTTPie\"","service":"aquisitions-api"}
{"level":"info","message":"User adrin@gmail.com created successfully","service":"aquisitions-api"}
{"level":"info","message":"User registered successfully: adrin@gmail.com","service":"aquisitions-api"}
{"level":"info","message":"::1 - - [07/Nov/2025:18:03:28 +0000] \"POST /api/auth/sign-up?email=contact%40google.com HTTP/1.1\" 201 100 \"-\" \"HTTPie\"","service":"aquisitions-api"}
{"level":"info","message":"User signed in successfully: adrin@gmail.com","service":"aquisitions-api"}
{"level":"info","message":"::1 - - [07/Nov/2025:18:30:46 +0000] \"POST /api/auth/sign-in?email=contact%40google.com HTTP/1.1\" 200 99 \"-\" \"HTTPie\"","service":"aquisitions-api"}
{"level":"info","message":"User signed out successfully","service":"aquisitions-api"}
{"level":"info","message":"::1 - - [07/Nov/2025:18:31:11 +0000] \"POST /api/auth/sign-out?email=contact%40google.com HTTP/1.1\" 200 29 \"-\" \"HTTPie\"","service":"aquisitions-api"}
{"level":"info","message":"::1 - - [08/Nov/2025:08:23:52 +0000] \"GET /health HTTP/1.1\" 200 74 \"-\" \"HTTPie\"","service":"aquisitions-api"}
{"level":"info","message":"::1 - - [08/Nov/2025:08:25:34 +0000] \"GET /health HTTP/1.1\" 200 73 \"-\" \"HTTPie\"","service":"aquisitions-api"}
{"level":"info","message":"::1 - - [08/Nov/2025:08:25:37 +0000] \"GET /health HTTP/1.1\" 200 74 \"-\" \"HTTPie\"","service":"aquisitions-api"}
{"level":"info","message":"::1 - - [08/Nov/2025:08:25:37 +0000] \"GET /health HTTP/1.1\" 200 74 \"-\" \"HTTPie\"","service":"aquisitions-api"}
{"level":"info","message":"::1 - - [08/Nov/2025:08:25:38 +0000] \"GET /health HTTP/1.1\" 200 74 \"-\" \"HTTPie\"","service":"aquisitions-api"}
{"level":"info","message":"::1 - - [08/Nov/2025:08:25:38 +0000] \"GET /health HTTP/1.1\" 200 74 \"-\" \"HTTPie\"","service":"aquisitions-api"}
{"level":"info","message":"::1 - - [08/Nov/2025:08:25:39 +0000] \"GET /health HTTP/1.1\" 200 74 \"-\" \"HTTPie\"","service":"aquisitions-api"}
{"level":"info","message":"::1 - - [08/Nov/2025:08:25:39 +0000] \"GET /health HTTP/1.1\" 200 74 \"-\" \"HTTPie\"","service":"aquisitions-api"}
{"level":"info","message":"::1 - - [08/Nov/2025:08:25:39 +0000] \"GET /health HTTP/1.1\" 200 74 \"-\" \"HTTPie\"","service":"aquisitions-api"}
{"level":"info","message":"::1 - - [08/Nov/2025:08:25:39 +0000] \"GET /health HTTP/1.1\" 200 74 \"-\" \"HTTPie\"","service":"aquisitions-api"}
{"level":"info","message":"::1 - - [08/Nov/2025:08:25:40 +0000] \"GET /health HTTP/1.1\" 200 74 \"-\" \"HTTPie\"","service":"aquisitions-api"}
{"level":"info","message":"::1 - - [08/Nov/2025:08:25:40 +0000] \"GET /health HTTP/1.1\" 200 74 \"-\" \"HTTPie\"","service":"aquisitions-api"}
{"level":"info","message":"::1 - - [08/Nov/2025:08:25:40 +0000] \"GET /health HTTP/1.1\" 200 74 \"-\" \"HTTPie\"","service":"aquisitions-api"}
{"level":"info","message":"::1 - - [08/Nov/2025:08:25:40 +0000] \"GET /health HTTP/1.1\" 200 74 \"-\" \"HTTPie\"","service":"aquisitions-api"}
{"level":"info","message":"::1 - - [08/Nov/2025:08:25:41 +0000] \"GET /health HTTP/1.1\" 200 74 \"-\" \"HTTPie\"","service":"aquisitions-api"}
{"level":"info","message":"::1 - - [08/Nov/2025:08:25:41 +0000] \"GET /health HTTP/1.1\" 200 74 \"-\" \"HTTPie\"","service":"aquisitions-api"}
{"level":"info","message":"::1 - - [08/Nov/2025:08:25:41 +0000] \"GET /health HTTP/1.1\" 200 73 \"-\" \"HTTPie\"","service":"aquisitions-api"}
{"level":"info","message":"::1 - - [08/Nov/2025:08:25:41 +0000] \"GET /health HTTP/1.1\" 200 74 \"-\" \"HTTPie\"","service":"aquisitions-api"}
{"level":"info","message":"::1 - - [08/Nov/2025:08:25:42 +0000] \"GET /health HTTP/1.1\" 200 74 \"-\" \"HTTPie\"","service":"aquisitions-api"}
{"level":"info","message":"::1 - - [08/Nov/2025:08:25:42 +0000] \"GET /health HTTP/1.1\" 200 74 \"-\" \"HTTPie\"","service":"aquisitions-api"}
{"level":"info","message":"::1 - - [08/Nov/2025:08:25:42 +0000] \"GET /health HTTP/1.1\" 200 74 \"-\" \"HTTPie\"","service":"aquisitions-api"}
{"level":"info","message":"::1 - - [08/Nov/2025:08:25:43 +0000] \"GET /health HTTP/1.1\" 200 72 \"-\" \"HTTPie\"","service":"aquisitions-api"}
{"level":"info","message":"::1 - - [08/Nov/2025:08:25:43 +0000] \"GET /health HTTP/1.1\" 200 74 \"-\" \"HTTPie\"","service":"aquisitions-api"}
{"level":"info","message":"::1 - - [08/Nov/2025:08:25:43 +0000] \"GET /health HTTP/1.1\" 200 74 \"-\" \"HTTPie\"","service":"aquisitions-api"}
{"level":"info","message":"::1 - - [08/Nov/2025:08:25:43 +0000] \"GET /health HTTP/1.1\" 200 74 \"-\" \"HTTPie\"","service":"aquisitions-api"}
{"level":"info","message":"::1 - - [08/Nov/2025:08:25:43 +0000] \"GET /health HTTP/1.1\" 200 74 \"-\" \"HTTPie\"","service":"aquisitions-api"}
{"level":"info","message":"::1 - - [08/Nov/2025:08:25:44 +0000] \"GET /health HTTP/1.1\" 200 74 \"-\" \"HTTPie\"","service":"aquisitions-api"}
{"level":"info","message":"::1 - - [08/Nov/2025:08:25:44 +0000] \"GET /health HTTP/1.1\" 200 74 \"-\" \"HTTPie\"","service":"aquisitions-api"}
{"level":"info","message":"::1 - - [08/Nov/2025:08:25:44 +0000] \"GET /health HTTP/1.1\" 200 74 \"-\" \"HTTPie\"","service":"aquisitions-api"}
{"level":"info","message":"::1 - - [08/Nov/2025:08:25:44 +0000] \"GET /health HTTP/1.1\" 200 74 \"-\" \"HTTPie\"","service":"aquisitions-api"}
{"level":"info","message":"::1 - - [08/Nov/2025:08:25:45 +0000] \"GET /health HTTP/1.1\" 200 74 \"-\" \"HTTPie\"","service":"aquisitions-api"}
{"level":"info","message":"::1 - - [08/Nov/2025:08:25:45 +0000] \"GET /health HTTP/1.1\" 200 74 \"-\" \"HTTPie\"","service":"aquisitions-api"}
{"level":"info","message":"::1 - - [08/Nov/2025:08:25:45 +0000] \"GET /health HTTP/1.1\" 200 74 \"-\" \"HTTPie\"","service":"aquisitions-api"}
{"level":"info","message":"::1 - - [08/Nov/2025:08:25:45 +0000] \"GET /health HTTP/1.1\" 200 74 \"-\" \"HTTPie\"","service":"aquisitions-api"}
{"level":"info","message":"::1 - - [08/Nov/2025:08:25:45 +0000] \"GET /health HTTP/1.1\" 200 74 \"-\" \"HTTPie\"","service":"aquisitions-api"}
{"level":"info","message":"::1 - - [08/Nov/2025:08:25:46 +0000] \"GET /health HTTP/1.1\" 200 74 \"-\" \"HTTPie\"","service":"aquisitions-api"}
{"level":"info","message":"::1 - - [08/Nov/2025:08:25:46 +0000] \"GET /health HTTP/1.1\" 200 74 \"-\" \"HTTPie\"","service":"aquisitions-api"}
{"level":"info","message":"::1 - - [08/Nov/2025:08:25:46 +0000] \"GET /health HTTP/1.1\" 200 74 \"-\" \"HTTPie\"","service":"aquisitions-api"}
{"level":"info","message":"::1 - - [08/Nov/2025:08:25:46 +0000] \"GET /health HTTP/1.1\" 200 73 \"-\" \"HTTPie\"","service":"aquisitions-api"}
{"level":"info","message":"::1 - - [08/Nov/2025:08:25:46 +0000] \"GET /health HTTP/1.1\" 200 74 \"-\" \"HTTPie\"","service":"aquisitions-api"}
{"level":"info","message":"::1 - - [08/Nov/2025:08:25:47 +0000] \"GET /health HTTP/1.1\" 200 74 \"-\" \"HTTPie\"","service":"aquisitions-api"}
{"level":"info","message":"::1 - - [08/Nov/2025:08:25:47 +0000] \"GET /health HTTP/1.1\" 200 74 \"-\" \"HTTPie\"","service":"aquisitions-api"}
{"level":"info","message":"::1 - - [08/Nov/2025:08:25:47 +0000] \"GET /health HTTP/1.1\" 200 74 \"-\" \"HTTPie\"","service":"aquisitions-api"}
{"level":"info","message":"::1 - - [08/Nov/2025:08:25:47 +0000] \"GET /health HTTP/1.1\" 200 74 \"-\" \"HTTPie\"","service":"aquisitions-api"}
{"level":"info","message":"::1 - - [08/Nov/2025:08:25:47 +0000] \"GET /health HTTP/1.1\" 200 74 \"-\" \"HTTPie\"","service":"aquisitions-api"}
{"level":"info","message":"::1 - - [08/Nov/2025:08:25:48 +0000] \"GET /health HTTP/1.1\" 200 74 \"-\" \"HTTPie\"","service":"aquisitions-api"}
{"level":"info","message":"::1 - - [08/Nov/2025:08:25:48 +0000] \"GET /health HTTP/1.1\" 200 74 \"-\" \"HTTPie\"","service":"aquisitions-api"}
{"level":"info","message":"::1 - - [08/Nov/2025:08:25:48 +0000] \"GET /health HTTP/1.1\" 200 74 \"-\" \"HTTPie\"","service":"aquisitions-api"}
{"level":"info","message":"::1 - - [08/Nov/2025:08:25:48 +0000] \"GET /health HTTP/1.1\" 200 74 \"-\" \"HTTPie\"","service":"aquisitions-api"}
{"level":"info","message":"::1 - - [08/Nov/2025:08:26:03 +0000] \"GET /health HTTP/1.1\" 200 74 \"-\" \"HTTPie\"","service":"aquisitions-api"}
{"level":"info","message":"::1 - - [08/Nov/2025:08:26:03 +0000] \"GET /health HTTP/1.1\" 200 73 \"-\" \"HTTPie\"","service":"aquisitions-api"}
{"level":"info","message":"::1 - - [08/Nov/2025:08:26:04 +0000] \"GET /health HTTP/1.1\" 200 74 \"-\" \"HTTPie\"","service":"aquisitions-api"}
{"level":"info","message":"::1 - - [08/Nov/2025:08:26:04 +0000] \"GET /health HTTP/1.1\" 200 74 \"-\" \"HTTPie\"","service":"aquisitions-api"}
{"level":"info","message":"::1 - - [08/Nov/2025:08:26:04 +0000] \"GET /health HTTP/1.1\" 200 74 \"-\" \"HTTPie\"","service":"aquisitions-api"}
{"level":"info","message":"::1 - - [08/Nov/2025:08:26:04 +0000] \"GET /health HTTP/1.1\" 200 72 \"-\" \"HTTPie\"","service":"aquisitions-api"}
{"level":"info","message":"::1 - - [08/Nov/2025:08:26:04 +0000] \"GET /health HTTP/1.1\" 200 74 \"-\" \"HTTPie\"","service":"aquisitions-api"}
{"level":"info","message":"::1 - - [08/Nov/2025:08:26:05 +0000] \"GET /health HTTP/1.1\" 200 74 \"-\" \"HTTPie\"","service":"aquisitions-api"}
{"level":"info","message":"::1 - - [08/Nov/2025:08:26:05 +0000] \"GET /health HTTP/1.1\" 200 74 \"-\" \"HTTPie\"","service":"aquisitions-api"}
{"level":"info","message":"::1 - - [08/Nov/2025:08:26:05 +0000] \"GET /health HTTP/1.1\" 200 74 \"-\" \"HTTPie\"","service":"aquisitions-api"}
{"level":"info","message":"::1 - - [08/Nov/2025:08:26:06 +0000] \"GET /health HTTP/1.1\" 200 74 \"-\" \"HTTPie\"","service":"aquisitions-api"}
{"level":"info","message":"::1 - - [08/Nov/2025:08:26:06 +0000] \"GET /health HTTP/1.1\" 200 74 \"-\" \"HTTPie\"","service":"aquisitions-api"}
{"level":"info","message":"::1 - - [08/Nov/2025:08:26:06 +0000] \"GET /health HTTP/1.1\" 200 74 \"-\" \"HTTPie\"","service":"aquisitions-api"}
{"level":"info","message":"::1 - - [08/Nov/2025:08:26:06 +0000] \"GET /health HTTP/1.1\" 200 74 \"-\" \"HTTPie\"","service":"aquisitions-api"}
{"level":"info","message":"::1 - - [08/Nov/2025:08:26:07 +0000] \"GET /health HTTP/1.1\" 200 74 \"-\" \"HTTPie\"","service":"aquisitions-api"}
{"level":"info","message":"::1 - - [08/Nov/2025:08:26:07 +0000] \"GET /health HTTP/1.1\" 200 74 \"-\" \"HTTPie\"","service":"aquisitions-api"}
{"level":"info","message":"::1 - - [08/Nov/2025:08:26:07 +0000] \"GET /health HTTP/1.1\" 200 74 \"-\" \"HTTPie\"","service":"aquisitions-api"}
{"level":"info","message":"::1 - - [08/Nov/2025:08:26:07 +0000] \"GET /health HTTP/1.1\" 200 73 \"-\" \"HTTPie\"","service":"aquisitions-api"}
{"level":"info","message":"::1 - - [08/Nov/2025:08:26:07 +0000] \"GET /health HTTP/1.1\" 200 74 \"-\" \"HTTPie\"","service":"aquisitions-api"}
{"level":"info","message":"::1 - - [08/Nov/2025:08:26:08 +0000] \"GET /health HTTP/1.1\" 200 74 \"-\" \"HTTPie\"","service":"aquisitions-api"}
{"level":"info","message":"::1 - - [08/Nov/2025:08:26:08 +0000] \"GET /health HTTP/1.1\" 200 74 \"-\" \"HTTPie\"","service":"aquisitions-api"}
{"level":"info","message":"::1 - - [08/Nov/2025:08:26:08 +0000] \"GET /health HTTP/1.1\" 200 74 \"-\" \"HTTPie\"","service":"aquisitions-api"}
{"level":"info","message":"::1 - - [08/Nov/2025:08:26:08 +0000] \"GET /health HTTP/1.1\" 200 74 \"-\" \"HTTPie\"","service":"aquisitions-api"}
{"level":"info","message":"::1 - - [08/Nov/2025:08:26:09 +0000] \"GET /health HTTP/1.1\" 200 72 \"-\" \"HTTPie\"","service":"aquisitions-api"}
{"level":"info","message":"::1 - - [08/Nov/2025:08:26:09 +0000] \"GET /health HTTP/1.1\" 200 74 \"-\" \"HTTPie\"","service":"aquisitions-api"}
{"level":"info","message":"::1 - - [08/Nov/2025:08:26:09 +0000] \"GET /health HTTP/1.1\" 200 74 \"-\" \"HTTPie\"","service":"aquisitions-api"}
{"level":"info","message":"::1 - - [08/Nov/2025:08:26:09 +0000] \"GET /health HTTP/1.1\" 200 74 \"-\" \"HTTPie\"","service":"aquisitions-api"}
{"level":"info","message":"::1 - - [08/Nov/2025:08:26:09 +0000] \"GET /health HTTP/1.1\" 200 74 \"-\" \"HTTPie\"","service":"aquisitions-api"}
{"level":"info","message":"::1 - - [08/Nov/2025:08:26:10 +0000] \"GET /health HTTP/1.1\" 200 74 \"-\" \"HTTPie\"","service":"aquisitions-api"}
{"level":"info","message":"::1 - - [08/Nov/2025:08:26:10 +0000] \"GET /health HTTP/1.1\" 200 73 \"-\" \"HTTPie\"","service":"aquisitions-api"}
{"level":"info","message":"::1 - - [08/Nov/2025:08:26:10 +0000] \"GET /health HTTP/1.1\" 200 74 \"-\" \"HTTPie\"","service":"aquisitions-api"}
{"level":"info","message":"::1 - - [08/Nov/2025:08:26:10 +0000] \"GET /health HTTP/1.1\" 200 74 \"-\" \"HTTPie\"","service":"aquisitions-api"}
{"level":"info","message":"::1 - - [08/Nov/2025:08:26:10 +0000] \"GET /health HTTP/1.1\" 200 74 \"-\" \"HTTPie\"","service":"aquisitions-api"}
{"level":"info","message":"::1 - - [08/Nov/2025:08:26:11 +0000] \"GET /health HTTP/1.1\" 200 74 \"-\" \"HTTPie\"","service":"aquisitions-api"}
{"level":"info","message":"::1 - - [08/Nov/2025:08:26:11 +0000] \"GET /health HTTP/1.1\" 200 74 \"-\" \"HTTPie\"","service":"aquisitions-api"}
{"level":"info","message":"::1 - - [08/Nov/2025:08:26:11 +0000] \"GET /health HTTP/1.1\" 200 74 \"-\" \"HTTPie\"","service":"aquisitions-api"}
{"level":"info","message":"::1 - - [08/Nov/2025:08:26:11 +0000] \"GET /health HTTP/1.1\" 200 73 \"-\" \"HTTPie\"","service":"aquisitions-api"}
{"level":"info","message":"::1 - - [08/Nov/2025:08:26:11 +0000] \"GET /health HTTP/1.1\" 200 74 \"-\" \"HTTPie\"","service":"aquisitions-api"}
{"level":"info","message":"::1 - - [08/Nov/2025:08:26:12 +0000] \"GET /health HTTP/1.1\" 200 74 \"-\" \"HTTPie\"","service":"aquisitions-api"}
{"level":"info","message":"::1 - - [08/Nov/2025:08:26:12 +0000] \"GET /health HTTP/1.1\" 200 74 \"-\" \"HTTPie\"","service":"aquisitions-api"}
{"level":"info","message":"::1 - - [08/Nov/2025:08:26:12 +0000] \"GET /health HTTP/1.1\" 200 74 \"-\" \"HTTPie\"","service":"aquisitions-api"}
{"level":"info","message":"::1 - - [08/Nov/2025:08:26:12 +0000] \"GET /health HTTP/1.1\" 200 74 \"-\" \"HTTPie\"","service":"aquisitions-api"}
{"level":"info","message":"::1 - - [08/Nov/2025:08:26:12 +0000] \"GET /health HTTP/1.1\" 200 73 \"-\" \"HTTPie\"","service":"aquisitions-api"}
{"level":"info","message":"::1 - - [08/Nov/2025:08:26:13 +0000] \"GET /health HTTP/1.1\" 200 74 \"-\" \"HTTPie\"","service":"aquisitions-api"}
{"level":"info","message":"::1 - - [08/Nov/2025:08:26:13 +0000] \"GET /health HTTP/1.1\" 200 74 \"-\" \"HTTPie\"","service":"aquisitions-api"}
{"level":"info","message":"::1 - - [08/Nov/2025:08:26:14 +0000] \"GET /health HTTP/1.1\" 200 73 \"-\" \"HTTPie\"","service":"aquisitions-api"}
{"level":"info","message":"::1 - - [08/Nov/2025:08:26:14 +0000] \"GET /health HTTP/1.1\" 200 74 \"-\" \"HTTPie\"","service":"aquisitions-api"}
{"level":"info","message":"::1 - - [08/Nov/2025:08:26:15 +0000] \"GET /health HTTP/1.1\" 200 74 \"-\" \"HTTPie\"","service":"aquisitions-api"}
{"level":"info","message":"::1 - - [08/Nov/2025:08:26:15 +0000] \"GET /health HTTP/1.1\" 200 74 \"-\" \"HTTPie\"","service":"aquisitions-api"}
{"level":"info","message":"::1 - - [08/Nov/2025:08:26:15 +0000] \"GET /health HTTP/1.1\" 200 74 \"-\" \"HTTPie\"","service":"aquisitions-api"}
{"level":"info","message":"::1 - - [08/Nov/2025:08:26:42 +0000] \"GET /health HTTP/1.1\" 200 74 \"-\" \"HTTPie\"","service":"aquisitions-api"}
{"level":"info","message":"::1 - - [08/Nov/2025:08:26:42 +0000] \"GET /health HTTP/1.1\" 200 74 \"-\" \"HTTPie\"","service":"aquisitions-api"}
{"level":"info","message":"::1 - - [08/Nov/2025:08:26:42 +0000] \"GET /health HTTP/1.1\" 200 74 \"-\" \"HTTPie\"","service":"aquisitions-api"}
{"level":"info","message":"::1 - - [08/Nov/2025:08:26:42 +0000] \"GET /health HTTP/1.1\" 200 74 \"-\" \"HTTPie\"","service":"aquisitions-api"}
{"level":"info","message":"::1 - - [08/Nov/2025:08:26:43 +0000] \"GET /health HTTP/1.1\" 200 74 \"-\" \"HTTPie\"","service":"aquisitions-api"}
{"level":"info","message":"::1 - - [08/Nov/2025:08:26:43 +0000] \"GET /health HTTP/1.1\" 200 74 \"-\" \"HTTPie\"","service":"aquisitions-api"}
{"level":"info","message":"::1 - - [08/Nov/2025:08:26:44 +0000] \"GET /health HTTP/1.1\" 200 74 \"-\" \"HTTPie\"","service":"aquisitions-api"}
{"level":"info","message":"::1 - - [08/Nov/2025:08:26:44 +0000] \"GET /health HTTP/1.1\" 200 74 \"-\" \"HTTPie\"","service":"aquisitions-api"}
{"level":"info","message":"::1 - - [08/Nov/2025:08:26:44 +0000] \"GET /health HTTP/1.1\" 200 74 \"-\" \"HTTPie\"","service":"aquisitions-api"}
{"level":"info","message":"::1 - - [08/Nov/2025:08:26:44 +0000] \"GET /health HTTP/1.1\" 200 74 \"-\" \"HTTPie\"","service":"aquisitions-api"}
{"level":"info","message":"::1 - - [08/Nov/2025:08:26:45 +0000] \"GET /health HTTP/1.1\" 200 74 \"-\" \"HTTPie\"","service":"aquisitions-api"}
{"level":"info","message":"::1 - - [08/Nov/2025:08:26:45 +0000] \"GET /health HTTP/1.1\" 200 74 \"-\" \"HTTPie\"","service":"aquisitions-api"}
{"level":"info","message":"::1 - - [08/Nov/2025:08:26:45 +0000] \"GET /health HTTP/1.1\" 200 74 \"-\" \"HTTPie\"","service":"aquisitions-api"}
{"level":"info","message":"::1 - - [08/Nov/2025:08:26:45 +0000] \"GET /health HTTP/1.1\" 200 74 \"-\" \"HTTPie\"","service":"aquisitions-api"}
{"level":"info","message":"::1 - - [08/Nov/2025:08:26:45 +0000] \"GET /health HTTP/1.1\" 200 74 \"-\" \"HTTPie\"","service":"aquisitions-api"}
{"level":"info","message":"::1 - - [08/Nov/2025:08:26:46 +0000] \"GET /health HTTP/1.1\" 200 74 \"-\" \"HTTPie\"","service":"aquisitions-api"}
{"level":"info","message":"::1 - - [08/Nov/2025:08:26:46 +0000] \"GET /health HTTP/1.1\" 200 74 \"-\" \"HTTPie\"","service":"aquisitions-api"}
{"level":"info","message":"::1 - - [08/Nov/2025:08:26:46 +0000] \"GET /health HTTP/1.1\" 200 74 \"-\" \"HTTPie\"","service":"aquisitions-api"}
{"level":"info","message":"::1 - - [08/Nov/2025:08:26:46 +0000] \"GET /health HTTP/1.1\" 200 74 \"-\" \"HTTPie\"","service":"aquisitions-api"}
{"level":"info","message":"::1 - - [08/Nov/2025:08:26:46 +0000] \"GET /health HTTP/1.1\" 200 74 \"-\" \"HTTPie\"","service":"aquisitions-api"}
{"level":"info","message":"::1 - - [08/Nov/2025:08:26:47 +0000] \"GET /health HTTP/1.1\" 200 74 \"-\" \"HTTPie\"","service":"aquisitions-api"}
{"level":"info","message":"::1 - - [08/Nov/2025:08:26:47 +0000] \"GET /health HTTP/1.1\" 200 73 \"-\" \"HTTPie\"","service":"aquisitions-api"}
{"level":"info","message":"::1 - - [08/Nov/2025:08:26:47 +0000] \"GET /health HTTP/1.1\" 200 74 \"-\" \"HTTPie\"","service":"aquisitions-api"}
{"level":"info","message":"::1 - - [08/Nov/2025:08:26:47 +0000] \"GET /health HTTP/1.1\" 200 74 \"-\" \"HTTPie\"","service":"aquisitions-api"}
{"level":"info","message":"::1 - - [08/Nov/2025:08:26:47 +0000] \"GET /health HTTP/1.1\" 200 74 \"-\" \"HTTPie\"","service":"aquisitions-api"}
{"level":"info","message":"::1 - - [08/Nov/2025:08:26:48 +0000] \"GET /health HTTP/1.1\" 200 74 \"-\" \"HTTPie\"","service":"aquisitions-api"}
{"level":"info","message":"::1 - - [08/Nov/2025:08:26:48 +0000] \"GET /health HTTP/1.1\" 200 74 \"-\" \"HTTPie\"","service":"aquisitions-api"}
{"level":"info","message":"::1 - - [08/Nov/2025:08:26:48 +0000] \"GET /health HTTP/1.1\" 200 74 \"-\" \"HTTPie\"","service":"aquisitions-api"}
{"level":"info","message":"::1 - - [08/Nov/2025:08:26:49 +0000] \"GET /health HTTP/1.1\" 200 74 \"-\" \"HTTPie\"","service":"aquisitions-api"}
{"level":"info","message":"::1 - - [08/Nov/2025:08:26:49 +0000] \"GET /health HTTP/1.1\" 200 73 \"-\" \"HTTPie\"","service":"aquisitions-api"}
{"level":"info","message":"::1 - - [08/Nov/2025:08:26:49 +0000] \"GET /health HTTP/1.1\" 200 74 \"-\" \"HTTPie\"","service":"aquisitions-api"}
{"level":"info","message":"::1 - - [08/Nov/2025:08:26:49 +0000] \"GET /health HTTP/1.1\" 200 74 \"-\" \"HTTPie\"","service":"aquisitions-api"}
{"level":"info","message":"::1 - - [08/Nov/2025:08:26:50 +0000] \"GET /health HTTP/1.1\" 200 74 \"-\" \"HTTPie\"","service":"aquisitions-api"}
{"level":"info","message":"::1 - - [08/Nov/2025:08:26:50 +0000] \"GET /health HTTP/1.1\" 200 74 \"-\" \"HTTPie\"","service":"aquisitions-api"}
{"level":"info","message":"::1 - - [08/Nov/2025:08:26:50 +0000] \"GET /health HTTP/1.1\" 200 73 \"-\" \"HTTPie\"","service":"aquisitions-api"}
{"level":"info","message":"::1 - - [08/Nov/2025:08:26:50 +0000] \"GET /health HTTP/1.1\" 200 74 \"-\" \"HTTPie\"","service":"aquisitions-api"}
{"level":"info","message":"::1 - - [08/Nov/2025:08:26:50 +0000] \"GET /health HTTP/1.1\" 200 74 \"-\" \"HTTPie\"","service":"aquisitions-api"}
{"level":"info","message":"::1 - - [08/Nov/2025:08:26:51 +0000] \"GET /health HTTP/1.1\" 200 74 \"-\" \"HTTPie\"","service":"aquisitions-api"}
{"level":"info","message":"::1 - - [08/Nov/2025:08:26:51 +0000] \"GET /health HTTP/1.1\" 200 73 \"-\" \"HTTPie\"","service":"aquisitions-api"}
{"level":"info","message":"::1 - - [08/Nov/2025:08:26:51 +0000] \"GET /health HTTP/1.1\" 200 74 \"-\" \"HTTPie\"","service":"aquisitions-api"}
{"level":"info","message":"::1 - - [08/Nov/2025:08:26:51 +0000] \"GET /health HTTP/1.1\" 200 74 \"-\" \"HTTPie\"","service":"aquisitions-api"}
{"level":"info","message":"::1 - - [08/Nov/2025:08:26:51 +0000] \"GET /health HTTP/1.1\" 200 74 \"-\" \"HTTPie\"","service":"aquisitions-api"}
{"level":"info","message":"::1 - - [08/Nov/2025:08:26:52 +0000] \"GET /health HTTP/1.1\" 200 74 \"-\" \"HTTPie\"","service":"aquisitions-api"}
{"level":"info","message":"::1 - - [08/Nov/2025:08:26:52 +0000] \"GET /health HTTP/1.1\" 200 74 \"-\" \"HTTPie\"","service":"aquisitions-api"}
{"level":"info","message":"::1 - - [08/Nov/2025:08:26:52 +0000] \"GET /health HTTP/1.1\" 200 74 \"-\" \"HTTPie\"","service":"aquisitions-api"}
{"level":"info","message":"::1 - - [08/Nov/2025:08:26:52 +0000] \"GET /health HTTP/1.1\" 200 74 \"-\" \"HTTPie\"","service":"aquisitions-api"}
{"level":"info","message":"::1 - - [08/Nov/2025:08:26:52 +0000] \"GET /health HTTP/1.1\" 200 74 \"-\" \"HTTPie\"","service":"aquisitions-api"}
{"level":"info","message":"::1 - - [08/Nov/2025:08:26:53 +0000] \"GET /health HTTP/1.1\" 200 74 \"-\" \"HTTPie\"","service":"aquisitions-api"}
{"level":"info","message":"::1 - - [08/Nov/2025:08:26:53 +0000] \"GET /health HTTP/1.1\" 200 74 \"-\" \"HTTPie\"","service":"aquisitions-api"}
{"level":"info","message":"::1 - - [08/Nov/2025:08:26:53 +0000] \"GET /health HTTP/1.1\" 200 74 \"-\" \"HTTPie\"","service":"aquisitions-api"}
{"level":"info","message":"::1 - - [08/Nov/2025:08:26:53 +0000] \"GET /health HTTP/1.1\" 200 74 \"-\" \"HTTPie\"","service":"aquisitions-api"}
{"level":"info","message":"::1 - - [08/Nov/2025:08:26:53 +0000] \"GET /health HTTP/1.1\" 200 74 \"-\" \"HTTPie\"","service":"aquisitions-api"}
{"level":"info","message":"::1 - - [08/Nov/2025:08:26:54 +0000] \"GET /health HTTP/1.1\" 200 74 \"-\" \"HTTPie\"","service":"aquisitions-api"}
{"level":"info","message":"::1 - - [08/Nov/2025:08:26:54 +0000] \"GET /health HTTP/1.1\" 200 74 \"-\" \"HTTPie\"","service":"aquisitions-api"}
{"level":"info","message":"::1 - - [08/Nov/2025:08:26:54 +0000] \"GET /health HTTP/1.1\" 200 74 \"-\" \"HTTPie\"","service":"aquisitions-api"}
{"level":"info","message":"::1 - - [08/Nov/2025:08:26:54 +0000] \"GET /health HTTP/1.1\" 200 74 \"-\" \"HTTPie\"","service":"aquisitions-api"}
{"level":"info","message":"::1 - - [08/Nov/2025:08:26:55 +0000] \"GET /health HTTP/1.1\" 200 74 \"-\" \"HTTPie\"","service":"aquisitions-api"}
{"level":"info","message":"::1 - - [08/Nov/2025:08:26:55 +0000] \"GET /health HTTP/1.1\" 200 74 \"-\" \"HTTPie\"","service":"aquisitions-api"}
{"level":"info","message":"::1 - - [08/Nov/2025:08:26:55 +0000] \"GET /health HTTP/1.1\" 200 74 \"-\" \"HTTPie\"","service":"aquisitions-api"}
{"level":"info","message":"::1 - - [08/Nov/2025:08:26:56 +0000] \"GET /health HTTP/1.1\" 200 74 \"-\" \"HTTPie\"","service":"aquisitions-api"}
{"level":"info","message":"::1 - - [08/Nov/2025:08:26:56 +0000] \"GET /health HTTP/1.1\" 200 74 \"-\" \"HTTPie\"","service":"aquisitions-api"}
{"level":"info","message":"::1 - - [08/Nov/2025:08:26:56 +0000] \"GET /health HTTP/1.1\" 200 74 \"-\" \"HTTPie\"","service":"aquisitions-api"}
{"level":"info","message":"::1 - - [08/Nov/2025:08:26:56 +0000] \"GET /health HTTP/1.1\" 200 74 \"-\" \"HTTPie\"","service":"aquisitions-api"}
{"level":"info","message":"::1 - - [08/Nov/2025:08:26:57 +0000] \"GET /health HTTP/1.1\" 200 74 \"-\" \"HTTPie\"","service":"aquisitions-api"}
{"level":"info","message":"::1 - - [08/Nov/2025:08:26:57 +0000] \"GET /health HTTP/1.1\" 200 74 \"-\" \"HTTPie\"","service":"aquisitions-api"}
{"level":"info","message":"::1 - - [08/Nov/2025:08:26:57 +0000] \"GET /health HTTP/1.1\" 200 74 \"-\" \"HTTPie\"","service":"aquisitions-api"}
{"level":"info","message":"::1 - - [08/Nov/2025:08:26:57 +0000] \"GET /health HTTP/1.1\" 200 74 \"-\" \"HTTPie\"","service":"aquisitions-api"}
{"level":"info","message":"::1 - - [08/Nov/2025:08:26:57 +0000] \"GET /health HTTP/1.1\" 200 74 \"-\" \"HTTPie\"","service":"aquisitions-api"}
{"level":"info","message":"::1 - - [08/Nov/2025:08:26:58 +0000] \"GET /health HTTP/1.1\" 200 74 \"-\" \"HTTPie\"","service":"aquisitions-api"}
{"level":"info","message":"::1 - - [08/Nov/2025:08:26:58 +0000] \"GET /health HTTP/1.1\" 200 74 \"-\" \"HTTPie\"","service":"aquisitions-api"}
{"level":"info","message":"::1 - - [08/Nov/2025:08:26:58 +0000] \"GET /health HTTP/1.1\" 200 74 \"-\" \"HTTPie\"","service":"aquisitions-api"}
{"level":"info","message":"::1 - - [08/Nov/2025:08:26:58 +0000] \"GET /health HTTP/1.1\" 200 74 \"-\" \"HTTPie\"","service":"aquisitions-api"}
{"level":"info","message":"::1 - - [08/Nov/2025:08:26:59 +0000] \"GET /health HTTP/1.1\" 200 74 \"-\" \"HTTPie\"","service":"aquisitions-api"}
{"level":"info","message":"::1 - - [08/Nov/2025:08:26:59 +0000] \"GET /health HTTP/1.1\" 200 74 \"-\" \"HTTPie\"","service":"aquisitions-api"}
{"level":"info","message":"::1 - - [08/Nov/2025:08:26:59 +0000] \"GET /health HTTP/1.1\" 200 74 \"-\" \"HTTPie\"","service":"aquisitions-api"}
{"level":"info","message":"::1 - - [08/Nov/2025:08:26:59 +0000] \"GET /health HTTP/1.1\" 200 74 \"-\" \"HTTPie\"","service":"aquisitions-api"}
{"level":"info","message":"::1 - - [08/Nov/2025:08:26:59 +0000] \"GET /health HTTP/1.1\" 200 74 \"-\" \"HTTPie\"","service":"aquisitions-api"}
{"level":"info","message":"::1 - - [08/Nov/2025:08:27:00 +0000] \"GET /health HTTP/1.1\" 200 74 \"-\" \"HTTPie\"","service":"aquisitions-api"}
{"level":"info","message":"::1 - - [08/Nov/2025:08:27:00 +0000] \"GET /health HTTP/1.1\" 200 74 \"-\" \"HTTPie\"","service":"aquisitions-api"}
{"level":"info","message":"::1 - - [08/Nov/2025:08:27:00 +0000] \"GET /health HTTP/1.1\" 200 73 \"-\" \"HTTPie\"","service":"aquisitions-api"}
{"level":"info","message":"::1 - - [08/Nov/2025:08:27:00 +0000] \"GET /health HTTP/1.1\" 200 74 \"-\" \"HTTPie\"","service":"aquisitions-api"}
{"level":"info","message":"::1 - - [08/Nov/2025:08:27:00 +0000] \"GET /health HTTP/1.1\" 200 74 \"-\" \"HTTPie\"","service":"aquisitions-api"}
{"level":"info","message":"::1 - - [08/Nov/2025:08:27:01 +0000] \"GET /health HTTP/1.1\" 200 74 \"-\" \"HTTPie\"","service":"aquisitions-api"}
{"level":"info","message":"::1 - - [08/Nov/2025:08:27:01 +0000] \"GET /health HTTP/1.1\" 200 74 \"-\" \"HTTPie\"","service":"aquisitions-api"}
{"level":"info","message":"::1 - - [08/Nov/2025:08:27:01 +0000] \"GET /health HTTP/1.1\" 200 74 \"-\" \"HTTPie\"","service":"aquisitions-api"}
{"level":"info","message":"::1 - - [08/Nov/2025:08:27:01 +0000] \"GET /health HTTP/1.1\" 200 74 \"-\" \"HTTPie\"","service":"aquisitions-api"}
{"level":"info","message":"::1 - - [08/Nov/2025:08:27:01 +0000] \"GET /health HTTP/1.1\" 200 74 \"-\" \"HTTPie\"","service":"aquisitions-api"}
{"level":"info","message":"::1 - - [08/Nov/2025:08:27:02 +0000] \"GET /health HTTP/1.1\" 200 74 \"-\" \"HTTPie\"","service":"aquisitions-api"}
{"level":"info","message":"::1 - - [08/Nov/2025:08:27:02 +0000] \"GET /health HTTP/1.1\" 200 74 \"-\" \"HTTPie\"","service":"aquisitions-api"}
{"level":"info","message":"::1 - - [08/Nov/2025:08:27:03 +0000] \"GET /health HTTP/1.1\" 200 74 \"-\" \"HTTPie\"","service":"aquisitions-api"}
{"level":"info","message":"::1 - - [08/Nov/2025:08:27:03 +0000] \"GET /health HTTP/1.1\" 200 74 \"-\" \"HTTPie\"","service":"aquisitions-api"}
{"level":"info","message":"::1 - - [08/Nov/2025:08:27:03 +0000] \"GET /health HTTP/1.1\" 200 74 \"-\" \"HTTPie\"","service":"aquisitions-api"}
{"level":"info","message":"::1 - - [08/Nov/2025:08:27:04 +0000] \"GET /health HTTP/1.1\" 200 74 \"-\" \"HTTPie\"","service":"aquisitions-api"}
{"level":"info","message":"::1 - - [08/Nov/2025:08:27:04 +0000] \"GET /health HTTP/1.1\" 200 74 \"-\" \"HTTPie\"","service":"aquisitions-api"}
{"level":"info","message":"::1 - - [08/Nov/2025:08:27:04 +0000] \"GET /health HTTP/1.1\" 200 74 \"-\" \"HTTPie\"","service":"aquisitions-api"}
{"level":"info","message":"::1 - - [08/Nov/2025:08:27:04 +0000] \"GET /health HTTP/1.1\" 200 74 \"-\" \"HTTPie\"","service":"aquisitions-api"}
{"level":"info","message":"::1 - - [08/Nov/2025:08:27:04 +0000] \"GET /health HTTP/1.1\" 200 74 \"-\" \"HTTPie\"","service":"aquisitions-api"}
{"level":"info","message":"::1 - - [08/Nov/2025:08:27:05 +0000] \"GET /health HTTP/1.1\" 200 73 \"-\" \"HTTPie\"","service":"aquisitions-api"}
{"level":"info","message":"::1 - - [08/Nov/2025:08:27:05 +0000] \"GET /health HTTP/1.1\" 200 74 \"-\" \"HTTPie\"","service":"aquisitions-api"}
{"level":"info","message":"::1 - - [08/Nov/2025:08:27:05 +0000] \"GET /health HTTP/1.1\" 200 74 \"-\" \"HTTPie\"","service":"aquisitions-api"}
{"level":"info","message":"::1 - - [08/Nov/2025:08:27:06 +0000] \"GET /health HTTP/1.1\" 200 74 \"-\" \"HTTPie\"","service":"aquisitions-api"}
{"level":"info","message":"::1 - - [08/Nov/2025:08:27:06 +0000] \"GET /health HTTP/1.1\" 200 74 \"-\" \"HTTPie\"","service":"aquisitions-api"}
{"level":"info","message":"::1 - - [08/Nov/2025:08:27:06 +0000] \"GET /health HTTP/1.1\" 200 75 \"-\" \"HTTPie\"","service":"aquisitions-api"}
{"level":"info","message":"::1 - - [08/Nov/2025:08:27:07 +0000] \"GET /health HTTP/1.1\" 200 75 \"-\" \"HTTPie\"","service":"aquisitions-api"}
{"level":"info","message":"::1 - - [08/Nov/2025:08:29:39 +0000] \"GET /health HTTP/1.1\" 200 73 \"-\" \"HTTPie\"","service":"aquisitions-api"}
{"level":"info","message":"::1 - - [08/Nov/2025:08:29:42 +0000] \"GET /health HTTP/1.1\" 200 73 \"-\" \"HTTPie\"","service":"aquisitions-api"}
{"level":"info","message":"::1 - - [08/Nov/2025:08:29:42 +0000] \"GET /health HTTP/1.1\" 200 73 \"-\" \"HTTPie\"","service":"aquisitions-api"}
{"level":"info","message":"::1 - - [08/Nov/2025:08:29:42 +0000] \"GET /health HTTP/1.1\" 200 73 \"-\" \"HTTPie\"","service":"aquisitions-api"}
{"level":"info","message":"::1 - - [08/Nov/2025:08:29:42 +0000] \"GET /health HTTP/1.1\" 200 72 \"-\" \"HTTPie\"","service":"aquisitions-api"}
{"level":"info","message":"::1 - - [08/Nov/2025:08:29:43 +0000] \"GET /health HTTP/1.1\" 200 72 \"-\" \"HTTPie\"","service":"aquisitions-api"}
{"level":"info","message":"::1 - - [08/Nov/2025:08:29:43 +0000] \"GET /health HTTP/1.1\" 200 73 \"-\" \"HTTPie\"","service":"aquisitions-api"}
{"level":"info","message":"::1 - - [08/Nov/2025:08:29:43 +0000] \"GET /health HTTP/1.1\" 200 73 \"-\" \"HTTPie\"","service":"aquisitions-api"}
{"level":"info","message":"::1 - - [08/Nov/2025:08:29:44 +0000] \"GET /health HTTP/1.1\" 200 73 \"-\" \"HTTPie\"","service":"aquisitions-api"}
{"level":"info","message":"::1 - - [08/Nov/2025:08:29:44 +0000] \"GET /health HTTP/1.1\" 200 73 \"-\" \"HTTPie\"","service":"aquisitions-api"}
{"level":"info","message":"::1 - - [08/Nov/2025:08:29:44 +0000] \"GET /health HTTP/1.1\" 200 74 \"-\" \"HTTPie\"","service":"aquisitions-api"}
{"level":"info","message":"::1 - - [08/Nov/2025:08:29:44 +0000] \"GET /health HTTP/1.1\" 200 74 \"-\" \"HTTPie\"","service":"aquisitions-api"}
{"level":"info","message":"::1 - - [08/Nov/2025:08:29:45 +0000] \"GET /health HTTP/1.1\" 200 74 \"-\" \"HTTPie\"","service":"aquisitions-api"}
{"level":"info","message":"::1 - - [08/Nov/2025:08:29:45 +0000] \"GET /health HTTP/1.1\" 200 74 \"-\" \"HTTPie\"","service":"aquisitions-api"}
{"level":"info","message":"::1 - - [08/Nov/2025:08:29:45 +0000] \"GET /health HTTP/1.1\" 200 74 \"-\" \"HTTPie\"","service":"aquisitions-api"}
{"level":"info","message":"::1 - - [08/Nov/2025:08:29:45 +0000] \"GET /health HTTP/1.1\" 200 74 \"-\" \"HTTPie\"","service":"aquisitions-api"}
{"level":"info","message":"::1 - - [08/Nov/2025:08:29:46 +0000] \"GET /health HTTP/1.1\" 200 74 \"-\" \"HTTPie\"","service":"aquisitions-api"}
{"level":"info","message":"::1 - - [08/Nov/2025:08:29:46 +0000] \"GET /health HTTP/1.1\" 200 74 \"-\" \"HTTPie\"","service":"aquisitions-api"}
{"level":"info","message":"::1 - - [08/Nov/2025:08:29:46 +0000] \"GET /health HTTP/1.1\" 200 74 \"-\" \"HTTPie\"","service":"aquisitions-api"}
{"level":"info","message":"::1 - - [08/Nov/2025:08:29:46 +0000] \"GET /health HTTP/1.1\" 200 74 \"-\" \"HTTPie\"","service":"aquisitions-api"}
{"level":"info","message":"::1 - - [08/Nov/2025:08:29:46 +0000] \"GET /health HTTP/1.1\" 200 74 \"-\" \"HTTPie\"","service":"aquisitions-api"}
{"level":"info","message":"::1 - - [08/Nov/2025:08:29:47 +0000] \"GET /health HTTP/1.1\" 200 72 \"-\" \"HTTPie\"","service":"aquisitions-api"}
{"level":"info","message":"::1 - - [08/Nov/2025:08:29:47 +0000] \"GET /health HTTP/1.1\" 200 74 \"-\" \"HTTPie\"","service":"aquisitions-api"}
{"level":"info","message":"::1 - - [08/Nov/2025:08:29:47 +0000] \"GET /health HTTP/1.1\" 200 74 \"-\" \"HTTPie\"","service":"aquisitions-api"}
{"level":"info","message":"::1 - - [08/Nov/2025:08:29:48 +0000] \"GET /health HTTP/1.1\" 200 74 \"-\" \"HTTPie\"","service":"aquisitions-api"}
{"level":"info","message":"::1 - - [08/Nov/2025:08:29:48 +0000] \"GET /health HTTP/1.1\" 200 74 \"-\" \"HTTPie\"","service":"aquisitions-api"}
{"level":"info","message":"::1 - - [08/Nov/2025:08:29:48 +0000] \"GET /health HTTP/1.1\" 200 74 \"-\" \"HTTPie\"","service":"aquisitions-api"}
{"level":"info","message":"::1 - - [08/Nov/2025:08:29:48 +0000] \"GET /health HTTP/1.1\" 200 74 \"-\" \"HTTPie\"","service":"aquisitions-api"}
{"level":"info","message":"::1 - - [08/Nov/2025:08:29:49 +0000] \"GET /health HTTP/1.1\" 200 74 \"-\" \"HTTPie\"","service":"aquisitions-api"}
{"level":"info","message":"::1 - - [08/Nov/2025:08:29:49 +0000] \"GET /health HTTP/1.1\" 200 74 \"-\" \"HTTPie\"","service":"aquisitions-api"}
{"level":"info","message":"::1 - - [08/Nov/2025:08:29:49 +0000] \"GET /health HTTP/1.1\" 200 74 \"-\" \"HTTPie\"","service":"aquisitions-api"}
{"level":"info","message":"::1 - - [08/Nov/2025:08:29:49 +0000] \"GET /health HTTP/1.1\" 200 74 \"-\" \"HTTPie\"","service":"aquisitions-api"}
{"level":"info","message":"::1 - - [08/Nov/2025:08:29:49 +0000] \"GET /health HTTP/1.1\" 200 74 \"-\" \"HTTPie\"","service":"aquisitions-api"}
{"level":"info","message":"::1 - - [08/Nov/2025:08:29:50 +0000] \"GET /health HTTP/1.1\" 200 74 \"-\" \"HTTPie\"","service":"aquisitions-api"}
{"level":"info","message":"::1 - - [08/Nov/2025:08:29:50 +0000] \"GET /health HTTP/1.1\" 200 74 \"-\" \"HTTPie\"","service":"aquisitions-api"}
{"level":"info","message":"::1 - - [08/Nov/2025:08:29:50 +0000] \"GET /health HTTP/1.1\" 200 74 \"-\" \"HTTPie\"","service":"aquisitions-api"}
{"level":"info","message":"::1 - - [08/Nov/2025:08:29:50 +0000] \"GET /health HTTP/1.1\" 200 74 \"-\" \"HTTPie\"","service":"aquisitions-api"}
{"level":"info","message":"::1 - - [08/Nov/2025:08:29:51 +0000] \"GET /health HTTP/1.1\" 200 74 \"-\" \"HTTPie\"","service":"aquisitions-api"}
{"level":"info","message":"::1 - - [08/Nov/2025:08:29:51 +0000] \"GET /health HTTP/1.1\" 200 74 \"-\" \"HTTPie\"","service":"aquisitions-api"}
{"level":"info","message":"::1 - - [08/Nov/2025:13:06:02 +0000] \"GET /health HTTP/1.1\" 200 77 \"-\" \"HTTPie\"","service":"aquisitions-api"}
{"level":"info","message":"::1 - - [08/Nov/2025:13:06:03 +0000] \"GET /health HTTP/1.1\" 200 77 \"-\" \"HTTPie\"","service":"aquisitions-api"}
{"level":"info","message":"::1 - - [08/Nov/2025:13:06:03 +0000] \"GET /health HTTP/1.1\" 200 77 \"-\" \"HTTPie\"","service":"aquisitions-api"}
{"level":"info","message":"::1 - - [08/Nov/2025:13:06:04 +0000] \"GET /health HTTP/1.1\" 200 77 \"-\" \"HTTPie\"","service":"aquisitions-api"}
{"level":"info","message":"::1 - - [08/Nov/2025:13:06:05 +0000] \"GET /health HTTP/1.1\" 200 77 \"-\" \"HTTPie\"","service":"aquisitions-api"}
{"level":"info","message":"::1 - - [08/Nov/2025:13:06:06 +0000] \"GET /health HTTP/1.1\" 200 77 \"-\" \"HTTPie\"","service":"aquisitions-api"}
{"level":"info","message":"::1 - - [08/Nov/2025:13:06:07 +0000] \"GET /health HTTP/1.1\" 200 77 \"-\" \"HTTPie\"","service":"aquisitions-api"}
{"level":"info","message":"::1 - - [08/Nov/2025:13:06:08 +0000] \"GET /health HTTP/1.1\" 200 77 \"-\" \"HTTPie\"","service":"aquisitions-api"}
{"level":"info","message":"::1 - - [08/Nov/2025:13:06:08 +0000] \"GET /health HTTP/1.1\" 200 77 \"-\" \"HTTPie\"","service":"aquisitions-api"}
{"level":"info","message":"::1 - - [08/Nov/2025:13:06:09 +0000] \"GET /health HTTP/1.1\" 200 77 \"-\" \"HTTPie\"","service":"aquisitions-api"}
{"level":"info","message":"::1 - - [08/Nov/2025:13:06:10 +0000] \"GET /health HTTP/1.1\" 200 77 \"-\" \"HTTPie\"","service":"aquisitions-api"}
{"level":"info","message":"::1 - - [08/Nov/2025:13:06:10 +0000] \"GET /health HTTP/1.1\" 200 77 \"-\" \"HTTPie\"","service":"aquisitions-api"}
{"level":"info","message":"::1 - - [08/Nov/2025:13:06:11 +0000] \"GET /health HTTP/1.1\" 200 77 \"-\" \"HTTPie\"","service":"aquisitions-api"}
{"level":"info","message":"::1 - - [08/Nov/2025:13:06:12 +0000] \"GET /health HTTP/1.1\" 200 77 \"-\" \"HTTPie\"","service":"aquisitions-api"}
{"level":"info","message":"::1 - - [08/Nov/2025:13:06:13 +0000] \"GET /health HTTP/1.1\" 200 77 \"-\" \"HTTPie\"","service":"aquisitions-api"}
{"level":"info","message":"::1 - - [08/Nov/2025:13:06:13 +0000] \"GET /health HTTP/1.1\" 200 77 \"-\" \"HTTPie\"","service":"aquisitions-api"}
{"level":"info","message":"::1 - - [08/Nov/2025:13:08:33 +0000] \"GET /health HTTP/1.1\" 200 73 \"-\" \"HTTPie\"","service":"aquisitions-api"}
{"level":"info","message":"::1 - - [08/Nov/2025:13:08:34 +0000] \"GET /health HTTP/1.1\" 200 73 \"-\" \"HTTPie\"","service":"aquisitions-api"}
{"level":"info","message":"::1 - - [08/Nov/2025:13:08:35 +0000] \"GET /health HTTP/1.1\" 200 73 \"-\" \"HTTPie\"","service":"aquisitions-api"}
{"level":"info","message":"::1 - - [08/Nov/2025:13:08:36 +0000] \"GET /health HTTP/1.1\" 200 73 \"-\" \"HTTPie\"","service":"aquisitions-api"}
{"level":"info","message":"::1 - - [08/Nov/2025:13:08:36 +0000] \"GET /health HTTP/1.1\" 200 72 \"-\" \"HTTPie\"","service":"aquisitions-api"}
{"level":"info","message":"::1 - - [08/Nov/2025:13:08:37 +0000] \"GET /health HTTP/1.1\" 200 73 \"-\" \"HTTPie\"","service":"aquisitions-api"}
{"level":"info","message":"::1 - - [08/Nov/2025:13:08:38 +0000] \"GET /health HTTP/1.1\" 200 74 \"-\" \"HTTPie\"","service":"aquisitions-api"}
{"level":"info","message":"::1 - - [08/Nov/2025:13:08:39 +0000] \"GET /health HTTP/1.1\" 200 74 \"-\" \"HTTPie\"","service":"aquisitions-api"}
{"level":"info","message":"::1 - - [08/Nov/2025:13:08:40 +0000] \"GET /health HTTP/1.1\" 200 74 \"-\" \"HTTPie\"","service":"aquisitions-api"}
{"level":"info","message":"::1 - - [08/Nov/2025:13:08:40 +0000] \"GET /health HTTP/1.1\" 200 74 \"-\" \"HTTPie\"","service":"aquisitions-api"}
{"level":"info","message":"::1 - - [08/Nov/2025:13:08:41 +0000] \"GET /health HTTP/1.1\" 200 74 \"-\" \"HTTPie\"","service":"aquisitions-api"}
{"level":"info","message":"::1 - - [08/Nov/2025:13:08:42 +0000] \"GET /health HTTP/1.1\" 200 74 \"-\" \"HTTPie\"","service":"aquisitions-api"}
{"level":"info","message":"::1 - - [08/Nov/2025:13:08:42 +0000] \"GET /health HTTP/1.1\" 200 74 \"-\" \"HTTPie\"","service":"aquisitions-api"}
{"level":"info","message":"::1 - - [08/Nov/2025:13:08:43 +0000] \"GET /health HTTP/1.1\" 200 74 \"-\" \"HTTPie\"","service":"aquisitions-api"}
{"level":"info","message":"::1 - - [08/Nov/2025:13:08:44 +0000] \"GET /health HTTP/1.1\" 200 74 \"-\" \"HTTPie\"","service":"aquisitions-api"}
{"level":"info","message":"::1 - - [08/Nov/2025:13:08:44 +0000] \"GET /health HTTP/1.1\" 200 74 \"-\" \"HTTPie\"","service":"aquisitions-api"}
{"level":"info","message":"::1 - - [08/Nov/2025:13:08:45 +0000] \"GET /health HTTP/1.1\" 200 74 \"-\" \"HTTPie\"","service":"aquisitions-api"}
{"level":"info","message":"::1 - - [08/Nov/2025:13:08:46 +0000] \"GET /health HTTP/1.1\" 200 74 \"-\" \"HTTPie\"","service":"aquisitions-api"}
{"level":"info","message":"::1 - - [08/Nov/2025:13:08:46 +0000] \"GET /health HTTP/1.1\" 200 74 \"-\" \"HTTPie\"","service":"aquisitions-api"}
{"level":"info","message":"::1 - - [08/Nov/2025:13:08:47 +0000] \"GET /health HTTP/1.1\" 200 74 \"-\" \"HTTPie\"","service":"aquisitions-api"}
{"level":"info","message":"::1 - - [08/Nov/2025:13:08:47 +0000] \"GET /health HTTP/1.1\" 200 74 \"-\" \"HTTPie\"","service":"aquisitions-api"}
{"level":"info","message":"::1 - - [08/Nov/2025:13:08:48 +0000] \"GET /health HTTP/1.1\" 200 74 \"-\" \"HTTPie\"","service":"aquisitions-api"}
{"level":"info","message":"::1 - - [08/Nov/2025:13:08:48 +0000] \"GET /health HTTP/1.1\" 200 73 \"-\" \"HTTPie\"","service":"aquisitions-api"}
{"level":"info","message":"::1 - - [08/Nov/2025:13:08:48 +0000] \"GET /health HTTP/1.1\" 200 74 \"-\" \"HTTPie\"","service":"aquisitions-api"}
{"level":"info","message":"::1 - - [08/Nov/2025:13:08:48 +0000] \"GET /health HTTP/1.1\" 200 73 \"-\" \"HTTPie\"","service":"aquisitions-api"}
{"level":"info","message":"::1 - - [08/Nov/2025:13:08:49 +0000] \"GET /health HTTP/1.1\" 200 74 \"-\" \"HTTPie\"","service":"aquisitions-api"}
{"level":"info","message":"::1 - - [08/Nov/2025:13:08:49 +0000] \"GET /health HTTP/1.1\" 200 74 \"-\" \"HTTPie\"","service":"aquisitions-api"}
{"level":"info","message":"::1 - - [08/Nov/2025:13:08:50 +0000] \"GET /health HTTP/1.1\" 200 74 \"-\" \"HTTPie\"","service":"aquisitions-api"}
{"level":"info","message":"::1 - - [08/Nov/2025:13:08:50 +0000] \"GET /health HTTP/1.1\" 200 74 \"-\" \"HTTPie\"","service":"aquisitions-api"}
{"level":"info","message":"::1 - - [08/Nov/2025:13:08:51 +0000] \"GET /health HTTP/1.1\" 200 73 \"-\" \"HTTPie\"","service":"aquisitions-api"}
{"level":"info","message":"::1 - - [08/Nov/2025:13:08:51 +0000] \"GET /health HTTP/1.1\" 200 73 \"-\" \"HTTPie\"","service":"aquisitions-api"}
{"level":"info","message":"::1 - - [08/Nov/2025:13:08:51 +0000] \"GET /health HTTP/1.1\" 200 74 \"-\" \"HTTPie\"","service":"aquisitions-api"}
{"level":"info","message":"::1 - - [08/Nov/2025:13:08:51 +0000] \"GET /health HTTP/1.1\" 200 74 \"-\" \"HTTPie\"","service":"aquisitions-api"}
{"level":"info","message":"::1 - - [08/Nov/2025:13:08:51 +0000] \"GET /health HTTP/1.1\" 200 74 \"-\" \"HTTPie\"","service":"aquisitions-api"}
{"level":"info","message":"::1 - - [08/Nov/2025:13:08:52 +0000] \"GET /health HTTP/1.1\" 200 74 \"-\" \"HTTPie\"","service":"aquisitions-api"}
{"level":"info","message":"::1 - - [08/Nov/2025:13:08:52 +0000] \"GET /health HTTP/1.1\" 200 74 \"-\" \"HTTPie\"","service":"aquisitions-api"}
{"level":"info","message":"::1 - - [08/Nov/2025:13:08:52 +0000] \"GET /health HTTP/1.1\" 200 74 \"-\" \"HTTPie\"","service":"aquisitions-api"}
{"level":"info","message":"::1 - - [08/Nov/2025:13:08:53 +0000] \"GET /health HTTP/1.1\" 200 74 \"-\" \"HTTPie\"","service":"aquisitions-api"}
{"level":"info","message":"::1 - - [08/Nov/2025:13:08:53 +0000] \"GET /health HTTP/1.1\" 200 74 \"-\" \"HTTPie\"","service":"aquisitions-api"}
{"level":"info","message":"::1 - - [08/Nov/2025:13:08:54 +0000] \"GET /health HTTP/1.1\" 200 74 \"-\" \"HTTPie\"","service":"aquisitions-api"}
{"level":"info","message":"::1 - - [08/Nov/2025:13:08:54 +0000] \"GET /health HTTP/1.1\" 200 74 \"-\" \"HTTPie\"","service":"aquisitions-api"}
{"level":"info","message":"::1 - - [08/Nov/2025:13:08:54 +0000] \"GET /health HTTP/1.1\" 200 73 \"-\" \"HTTPie\"","service":"aquisitions-api"}
{"level":"info","message":"::1 - - [08/Nov/2025:13:08:54 +0000] \"GET /health HTTP/1.1\" 200 74 \"-\" \"HTTPie\"","service":"aquisitions-api"}
{"level":"info","message":"::1 - - [08/Nov/2025:13:08:54 +0000] \"GET /health HTTP/1.1\" 200 74 \"-\" \"HTTPie\"","service":"aquisitions-api"}
{"level":"info","message":"::1 - - [08/Nov/2025:13:08:54 +0000] \"GET /health HTTP/1.1\" 200 74 \"-\" \"HTTPie\"","service":"aquisitions-api"}
{"level":"info","message":"::1 - - [08/Nov/2025:13:08:55 +0000] \"GET /health HTTP/1.1\" 200 74 \"-\" \"HTTPie\"","service":"aquisitions-api"}
{"level":"info","message":"::1 - - [08/Nov/2025:13:13:22 +0000] \"GET /health HTTP/1.1\" 200 73 \"-\" \"HTTPie\"","service":"aquisitions-api"}
{"level":"info","message":"::1 - - [08/Nov/2025:13:13:23 +0000] \"GET /health HTTP/1.1\" 200 73 \"-\" \"HTTPie\"","service":"aquisitions-api"}
{"level":"info","message":"::1 - - [08/Nov/2025:13:13:23 +0000] \"GET /health HTTP/1.1\" 200 73 \"-\" \"HTTPie\"","service":"aquisitions-api"}
{"level":"info","message":"::1 - - [08/Nov/2025:13:13:24 +0000] \"GET /health HTTP/1.1\" 200 73 \"-\" \"HTTPie\"","service":"aquisitions-api"}
{"level":"info","message":"::1 - - [08/Nov/2025:13:13:24 +0000] \"GET /health HTTP/1.1\" 200 73 \"-\" \"HTTPie\"","service":"aquisitions-api"}
{"level":"info","message":"::1 - - [08/Nov/2025:13:13:25 +0000] \"GET /health HTTP/1.1\" 200 72 \"-\" \"HTTPie\"","service":"aquisitions-api"}
{"level":"info","message":"::1 - - [08/Nov/2025:13:13:25 +0000] \"GET /health HTTP/1.1\" 200 73 \"-\" \"HTTPie\"","service":"aquisitions-api"}
{"level":"info","message":"::1 - - [08/Nov/2025:13:13:26 +0000] \"GET /health HTTP/1.1\" 200 72 \"-\" \"HTTPie\"","service":"aquisitions-api"}
{"level":"info","message":"::1 - - [08/Nov/2025:13:13:26 +0000] \"GET /health HTTP/1.1\" 200 73 \"-\" \"HTTPie\"","service":"aquisitions-api"}
{"level":"info","message":"::1 - - [08/Nov/2025:13:13:26 +0000] \"GET /health HTTP/1.1\" 200 73 \"-\" \"HTTPie\"","service":"aquisitions-api"}
{"level":"info","message":"::1 - - [08/Nov/2025:13:13:26 +0000] \"GET /health HTTP/1.1\" 200 73 \"-\" \"HTTPie\"","service":"aquisitions-api"}
{"level":"info","message":"::1 - - [08/Nov/2025:13:13:27 +0000] \"GET /health HTTP/1.1\" 200 73 \"-\" \"HTTPie\"","service":"aquisitions-api"}
{"level":"info","message":"::1 - - [08/Nov/2025:13:13:27 +0000] \"GET /health HTTP/1.1\" 200 74 \"-\" \"HTTPie\"","service":"aquisitions-api"}
{"level":"info","message":"::1 - - [08/Nov/2025:13:13:28 +0000] \"GET /health HTTP/1.1\" 200 74 \"-\" \"HTTPie\"","service":"aquisitions-api"}
{"level":"info","message":"::1 - - [08/Nov/2025:13:13:28 +0000] \"GET /health HTTP/1.1\" 200 74 \"-\" \"HTTPie\"","service":"aquisitions-api"}
{"level":"info","message":"::1 - - [08/Nov/2025:13:13:28 +0000] \"GET /health HTTP/1.1\" 200 74 \"-\" \"HTTPie\"","service":"aquisitions-api"}
{"level":"info","message":"::1 - - [08/Nov/2025:13:13:28 +0000] \"GET /health HTTP/1.1\" 200 74 \"-\" \"HTTPie\"","service":"aquisitions-api"}
{"level":"info","message":"::1 - - [08/Nov/2025:13:13:28 +0000] \"GET /health HTTP/1.1\" 200 74 \"-\" \"HTTPie\"","service":"aquisitions-api"}
{"level":"info","message":"::1 - - [08/Nov/2025:13:13:29 +0000] \"GET /health HTTP/1.1\" 200 74 \"-\" \"HTTPie\"","service":"aquisitions-api"}
{"level":"info","message":"::1 - - [08/Nov/2025:13:13:29 +0000] \"GET /health HTTP/1.1\" 200 73 \"-\" \"HTTPie\"","service":"aquisitions-api"}
{"level":"info","message":"::1 - - [08/Nov/2025:13:13:30 +0000] \"GET /health HTTP/1.1\" 200 74 \"-\" \"HTTPie\"","service":"aquisitions-api"}
{"level":"info","message":"::1 - - [08/Nov/2025:13:13:30 +0000] \"GET /health HTTP/1.1\" 200 74 \"-\" \"HTTPie\"","service":"aquisitions-api"}
{"level":"info","message":"::1 - - [08/Nov/2025:13:13:30 +0000] \"GET /health HTTP/1.1\" 200 74 \"-\" \"HTTPie\"","service":"aquisitions-api"}
{"level":"info","message":"::1 - - [08/Nov/2025:13:13:31 +0000] \"GET /health HTTP/1.1\" 200 74 \"-\" \"HTTPie\"","service":"aquisitions-api"}
{"level":"info","message":"::1 - - [08/Nov/2025:13:13:31 +0000] \"GET /health HTTP/1.1\" 200 74 \"-\" \"HTTPie\"","service":"aquisitions-api"}
{"level":"info","message":"::1 - - [08/Nov/2025:13:13:31 +0000] \"GET /health HTTP/1.1\" 200 74 \"-\" \"HTTPie\"","service":"aquisitions-api"}
{"level":"info","message":"::1 - - [08/Nov/2025:13:13:32 +0000] \"GET /health HTTP/1.1\" 200 74 \"-\" \"HTTPie\"","service":"aquisitions-api"}
{"level":"info","message":"::1 - - [08/Nov/2025:13:13:32 +0000] \"GET /health HTTP/1.1\" 200 74 \"-\" \"HTTPie\"","service":"aquisitions-api"}
{"level":"info","message":"::1 - - [08/Nov/2025:13:13:33 +0000] \"GET /health HTTP/1.1\" 200 74 \"-\" \"HTTPie\"","service":"aquisitions-api"}
{"level":"info","message":"::1 - - [08/Nov/2025:13:13:33 +0000] \"GET /health HTTP/1.1\" 200 74 \"-\" \"HTTPie\"","service":"aquisitions-api"}
{"level":"info","message":"::1 - - [08/Nov/2025:13:13:34 +0000] \"GET /health HTTP/1.1\" 200 74 \"-\" \"HTTPie\"","service":"aquisitions-api"}
{"level":"info","message":"::1 - - [08/Nov/2025:13:13:34 +0000] \"GET /health HTTP/1.1\" 200 74 \"-\" \"HTTPie\"","service":"aquisitions-api"}
{"level":"info","message":"::1 - - [08/Nov/2025:13:13:34 +0000] \"GET /health HTTP/1.1\" 200 74 \"-\" \"HTTPie\"","service":"aquisitions-api"}
{"level":"info","message":"::1 - - [08/Nov/2025:13:13:35 +0000] \"GET /health HTTP/1.1\" 200 74 \"-\" \"HTTPie\"","service":"aquisitions-api"}
{"level":"info","message":"::1 - - [08/Nov/2025:13:19:40 +0000] \"GET /health HTTP/1.1\" 200 75 \"-\" \"HTTPie\"","service":"aquisitions-api"}
{"level":"info","message":"::1 - - [08/Nov/2025:13:19:41 +0000] \"GET /health HTTP/1.1\" 200 75 \"-\" \"HTTPie\"","service":"aquisitions-api"}
{"level":"info","message":"::1 - - [08/Nov/2025:13:19:41 +0000] \"GET /health HTTP/1.1\" 200 75 \"-\" \"HTTPie\"","service":"aquisitions-api"}
{"level":"info","message":"::1 - - [08/Nov/2025:13:19:41 +0000] \"GET /health HTTP/1.1\" 200 75 \"-\" \"HTTPie\"","service":"aquisitions-api"}
{"level":"info","message":"::1 - - [08/Nov/2025:13:19:42 +0000] \"GET /health HTTP/1.1\" 200 75 \"-\" \"HTTPie\"","service":"aquisitions-api"}
{"level":"info","message":"::1 - - [08/Nov/2025:13:19:42 +0000] \"GET /health HTTP/1.1\" 200 75 \"-\" \"HTTPie\"","service":"aquisitions-api"}
{"level":"info","message":"::1 - - [08/Nov/2025:13:19:43 +0000] \"GET /health HTTP/1.1\" 200 75 \"-\" \"HTTPie\"","service":"aquisitions-api"}
{"level":"info","message":"::1 - - [08/Nov/2025:13:19:43 +0000] \"GET /health HTTP/1.1\" 200 75 \"-\" \"HTTPie\"","service":"aquisitions-api"}
{"level":"info","message":"::1 - - [08/Nov/2025:13:19:43 +0000] \"GET /health HTTP/1.1\" 200 75 \"-\" \"HTTPie\"","service":"aquisitions-api"}
{"level":"info","message":"::1 - - [08/Nov/2025:13:19:44 +0000] \"GET /health HTTP/1.1\" 200 75 \"-\" \"HTTPie\"","service":"aquisitions-api"}
{"level":"info","message":"::1 - - [08/Nov/2025:13:19:44 +0000] \"GET /health HTTP/1.1\" 200 74 \"-\" \"HTTPie\"","service":"aquisitions-api"}
{"level":"info","message":"::1 - - [08/Nov/2025:13:19:44 +0000] \"GET /health HTTP/1.1\" 200 75 \"-\" \"HTTPie\"","service":"aquisitions-api"}
{"level":"info","message":"::1 - - [08/Nov/2025:13:19:44 +0000] \"GET /health HTTP/1.1\" 200 75 \"-\" \"HTTPie\"","service":"aquisitions-api"}
{"level":"info","message":"::1 - - [08/Nov/2025:13:19:45 +0000] \"GET /health HTTP/1.1\" 200 75 \"-\" \"HTTPie\"","service":"aquisitions-api"}
{"level":"info","message":"::1 - - [08/Nov/2025:13:19:45 +0000] \"GET /health HTTP/1.1\" 200 75 \"-\" \"HTTPie\"","service":"aquisitions-api"}
{"level":"info","message":"::1 - - [08/Nov/2025:13:19:45 +0000] \"GET /health HTTP/1.1\" 200 75 \"-\" \"HTTPie\"","service":"aquisitions-api"}
{"level":"info","message":"::1 - - [08/Nov/2025:13:19:45 +0000] \"GET /health HTTP/1.1\" 200 75 \"-\" \"HTTPie\"","service":"aquisitions-api"}
{"level":"info","message":"::1 - - [08/Nov/2025:13:19:46 +0000] \"GET /health HTTP/1.1\" 200 75 \"-\" \"HTTPie\"","service":"aquisitions-api"}
{"level":"info","message":"::1 - - [08/Nov/2025:13:19:46 +0000] \"GET /health HTTP/1.1\" 200 75 \"-\" \"HTTPie\"","service":"aquisitions-api"}
{"level":"info","message":"::1 - - [08/Nov/2025:13:19:46 +0000] \"GET /health HTTP/1.1\" 200 75 \"-\" \"HTTPie\"","service":"aquisitions-api"}
{"level":"info","message":"::1 - - [08/Nov/2025:13:19:46 +0000] \"GET /health HTTP/1.1\" 200 75 \"-\" \"HTTPie\"","service":"aquisitions-api"}
{"level":"info","message":"::1 - - [08/Nov/2025:13:19:47 +0000] \"GET /health HTTP/1.1\" 200 75 \"-\" \"HTTPie\"","service":"aquisitions-api"}
{"level":"info","message":"::1 - - [08/Nov/2025:13:19:47 +0000] \"GET /health HTTP/1.1\" 200 75 \"-\" \"HTTPie\"","service":"aquisitions-api"}
{"level":"info","message":"::1 - - [08/Nov/2025:13:19:47 +0000] \"GET /health HTTP/1.1\" 200 74 \"-\" \"HTTPie\"","service":"aquisitions-api"}
{"level":"info","message":"::1 - - [08/Nov/2025:13:19:48 +0000] \"GET /health HTTP/1.1\" 200 75 \"-\" \"HTTPie\"","service":"aquisitions-api"}
{"level":"info","message":"::1 - - [08/Nov/2025:13:19:48 +0000] \"GET /health HTTP/1.1\" 200 75 \"-\" \"HTTPie\"","service":"aquisitions-api"}
{"level":"info","message":"::1 - - [08/Nov/2025:13:19:48 +0000] \"GET /health HTTP/1.1\" 200 74 \"-\" \"HTTPie\"","service":"aquisitions-api"}
{"level":"info","message":"::1 - - [08/Nov/2025:13:19:48 +0000] \"GET /health HTTP/1.1\" 200 75 \"-\" \"HTTPie\"","service":"aquisitions-api"}
{"level":"info","message":"::1 - - [08/Nov/2025:13:19:48 +0000] \"GET /health HTTP/1.1\" 200 75 \"-\" \"HTTPie\"","service":"aquisitions-api"}
{"level":"info","message":"::1 - - [08/Nov/2025:13:19:49 +0000] \"GET /health HTTP/1.1\" 200 75 \"-\" \"HTTPie\"","service":"aquisitions-api"}
{"level":"info","message":"::1 - - [08/Nov/2025:13:19:49 +0000] \"GET /health HTTP/1.1\" 200 75 \"-\" \"HTTPie\"","service":"aquisitions-api"}
{"level":"info","message":"::1 - - [08/Nov/2025:13:19:49 +0000] \"GET /health HTTP/1.1\" 200 75 \"-\" \"HTTPie\"","service":"aquisitions-api"}
{"level":"info","message":"::1 - - [08/Nov/2025:13:19:49 +0000] \"GET /health HTTP/1.1\" 200 75 \"-\" \"HTTPie\"","service":"aquisitions-api"}
{"level":"info","message":"::1 - - [08/Nov/2025:13:19:49 +0000] \"GET /health HTTP/1.1\" 200 75 \"-\" \"HTTPie\"","service":"aquisitions-api"}
{"level":"info","message":"::1 - - [08/Nov/2025:13:19:50 +0000] \"GET /health HTTP/1.1\" 200 75 \"-\" \"HTTPie\"","service":"aquisitions-api"}
{"level":"info","message":"::1 - - [08/Nov/2025:13:19:50 +0000] \"GET /health HTTP/1.1\" 200 75 \"-\" \"HTTPie\"","service":"aquisitions-api"}
{"level":"info","message":"::1 - - [08/Nov/2025:13:19:52 +0000] \"GET /health HTTP/1.1\" 200 74 \"-\" \"HTTPie\"","service":"aquisitions-api"}
{"level":"info","message":"::1 - - [08/Nov/2025:13:19:52 +0000] \"GET /health HTTP/1.1\" 200 75 \"-\" \"HTTPie\"","service":"aquisitions-api"}
{"level":"info","message":"::1 - - [08/Nov/2025:13:19:52 +0000] \"GET /health HTTP/1.1\" 200 75 \"-\" \"HTTPie\"","service":"aquisitions-api"}
{"level":"info","message":"::1 - - [08/Nov/2025:13:19:52 +0000] \"GET /health HTTP/1.1\" 200 75 \"-\" \"HTTPie\"","service":"aquisitions-api"}
{"level":"info","message":"::1 - - [08/Nov/2025:13:19:52 +0000] \"GET /health HTTP/1.1\" 200 75 \"-\" \"HTTPie\"","service":"aquisitions-api"}
{"level":"info","message":"::1 - - [08/Nov/2025:13:20:11 +0000] \"GET /health HTTP/1.1\" 200 75 \"-\" \"HTTPie\"","service":"aquisitions-api"}
{"level":"info","message":"::1 - - [08/Nov/2025:13:20:12 +0000] \"GET /health HTTP/1.1\" 200 75 \"-\" \"HTTPie\"","service":"aquisitions-api"}
{"level":"info","message":"::1 - - [08/Nov/2025:13:20:13 +0000] \"GET /health HTTP/1.1\" 200 75 \"-\" \"HTTPie\"","service":"aquisitions-api"}
{"level":"info","message":"::1 - - [08/Nov/2025:13:20:13 +0000] \"GET /health HTTP/1.1\" 200 75 \"-\" \"HTTPie\"","service":"aquisitions-api"}
{"level":"info","message":"::1 - - [08/Nov/2025:13:20:13 +0000] \"GET /health HTTP/1.1\" 200 75 \"-\" \"HTTPie\"","service":"aquisitions-api"}
{"level":"info","message":"::1 - - [08/Nov/2025:13:20:14 +0000] \"GET /health HTTP/1.1\" 200 75 \"-\" \"HTTPie\"","service":"aquisitions-api"}
{"level":"info","message":"::1 - - [08/Nov/2025:13:20:14 +0000] \"GET /health HTTP/1.1\" 200 75 \"-\" \"HTTPie\"","service":"aquisitions-api"}
{"level":"info","message":"::1 - - [08/Nov/2025:13:20:14 +0000] \"GET /health HTTP/1.1\" 200 75 \"-\" \"HTTPie\"","service":"aquisitions-api"}
{"level":"info","message":"::1 - - [08/Nov/2025:13:20:15 +0000] \"GET /health HTTP/1.1\" 200 75 \"-\" \"HTTPie\"","service":"aquisitions-api"}
{"level":"info","message":"::1 - - [08/Nov/2025:13:20:15 +0000] \"GET /health HTTP/1.1\" 200 75 \"-\" \"HTTPie\"","service":"aquisitions-api"}
{"level":"info","message":"::1 - - [08/Nov/2025:13:20:15 +0000] \"GET /health HTTP/1.1\" 200 75 \"-\" \"HTTPie\"","service":"aquisitions-api"}
{"level":"info","message":"::1 - - [08/Nov/2025:13:20:15 +0000] \"GET /health HTTP/1.1\" 200 75 \"-\" \"HTTPie\"","service":"aquisitions-api"}
{"level":"info","message":"::1 - - [08/Nov/2025:13:20:15 +0000] \"GET /health HTTP/1.1\" 200 75 \"-\" \"HTTPie\"","service":"aquisitions-api"}
{"level":"info","message":"::1 - - [08/Nov/2025:13:20:16 +0000] \"GET /health HTTP/1.1\" 200 75 \"-\" \"HTTPie\"","service":"aquisitions-api"}
{"level":"info","message":"::1 - - [08/Nov/2025:13:20:16 +0000] \"GET /health HTTP/1.1\" 200 74 \"-\" \"HTTPie\"","service":"aquisitions-api"}
{"level":"info","message":"::1 - - [08/Nov/2025:13:20:17 +0000] \"GET /health HTTP/1.1\" 200 75 \"-\" \"HTTPie\"","service":"aquisitions-api"}
{"level":"info","message":"::1 - - [08/Nov/2025:13:20:17 +0000] \"GET /health HTTP/1.1\" 200 75 \"-\" \"HTTPie\"","service":"aquisitions-api"}
{"level":"info","message":"::1 - - [08/Nov/2025:13:20:17 +0000] \"GET /health HTTP/1.1\" 200 75 \"-\" \"HTTPie\"","service":"aquisitions-api"}
{"level":"info","message":"::1 - - [08/Nov/2025:13:20:17 +0000] \"GET /health HTTP/1.1\" 200 75 \"-\" \"HTTPie\"","service":"aquisitions-api"}
{"level":"info","message":"::1 - - [08/Nov/2025:13:20:18 +0000] \"GET /health HTTP/1.1\" 200 75 \"-\" \"HTTPie\"","service":"aquisitions-api"}
{"level":"info","message":"::1 - - [08/Nov/2025:13:20:19 +0000] \"GET /health HTTP/1.1\" 200 75 \"-\" \"HTTPie\"","service":"aquisitions-api"}
{"level":"info","message":"::1 - - [08/Nov/2025:13:20:19 +0000] \"GET /health HTTP/1.1\" 200 75 \"-\" \"HTTPie\"","service":"aquisitions-api"}
{"level":"info","message":"::1 - - [08/Nov/2025:13:20:19 +0000] \"GET /health HTTP/1.1\" 200 75 \"-\" \"HTTPie\"","service":"aquisitions-api"}
{"level":"info","message":"::1 - - [08/Nov/2025:13:20:20 +0000] \"GET /health HTTP/1.1\" 200 75 \"-\" \"HTTPie\"","service":"aquisitions-api"}
{"level":"info","message":"::1 - - [08/Nov/2025:13:20:20 +0000] \"GET /health HTTP/1.1\" 200 75 \"-\" \"HTTPie\"","service":"aquisitions-api"}
{"level":"info","message":"::1 - - [08/Nov/2025:13:20:20 +0000] \"GET /health HTTP/1.1\" 200 74 \"-\" \"HTTPie\"","service":"aquisitions-api"}
{"level":"info","message":"::1 - - [08/Nov/2025:13:20:20 +0000] \"GET /health HTTP/1.1\" 200 75 \"-\" \"HTTPie\"","service":"aquisitions-api"}
{"level":"info","message":"::1 - - [08/Nov/2025:13:20:21 +0000] \"GET /health HTTP/1.1\" 200 75 \"-\" \"HTTPie\"","service":"aquisitions-api"}
{"level":"info","message":"::1 - - [08/Nov/2025:13:20:21 +0000] \"GET /health HTTP/1.1\" 200 75 \"-\" \"HTTPie\"","service":"aquisitions-api"}
{"level":"info","message":"::1 - - [08/Nov/2025:13:20:21 +0000] \"GET /health HTTP/1.1\" 200 75 \"-\" \"HTTPie\"","service":"aquisitions-api"}
{"level":"info","message":"::1 - - [08/Nov/2025:13:20:21 +0000] \"GET /health HTTP/1.1\" 200 75 \"-\" \"HTTPie\"","service":"aquisitions-api"}
{"level":"info","message":"::1 - - [08/Nov/2025:13:20:22 +0000] \"GET /health HTTP/1.1\" 200 75 \"-\" \"HTTPie\"","service":"aquisitions-api"}
{"level":"info","message":"::1 - - [08/Nov/2025:13:20:22 +0000] \"GET /health HTTP/1.1\" 200 75 \"-\" \"HTTPie\"","service":"aquisitions-api"}
{"level":"info","message":"::1 - - [08/Nov/2025:13:20:22 +0000] \"GET /health HTTP/1.1\" 200 75 \"-\" \"HTTPie\"","service":"aquisitions-api"}
{"level":"info","message":"::1 - - [08/Nov/2025:13:20:23 +0000] \"GET /health HTTP/1.1\" 200 74 \"-\" \"HTTPie\"","service":"aquisitions-api"}
{"level":"info","message":"::1 - - [08/Nov/2025:13:20:23 +0000] \"GET /health HTTP/1.1\" 200 74 \"-\" \"HTTPie\"","service":"aquisitions-api"}
{"level":"info","message":"::1 - - [08/Nov/2025:13:20:24 +0000] \"GET /health HTTP/1.1\" 200 75 \"-\" \"HTTPie\"","service":"aquisitions-api"}
{"level":"info","message":"::1 - - [08/Nov/2025:13:20:25 +0000] \"GET /health HTTP/1.1\" 200 75 \"-\" \"HTTPie\"","service":"aquisitions-api"}
{"level":"info","message":"::1 - - [08/Nov/2025:13:20:25 +0000] \"GET /health HTTP/1.1\" 200 75 \"-\" \"HTTPie\"","service":"aquisitions-api"}
{"level":"info","message":"::1 - - [08/Nov/2025:13:20:26 +0000] \"GET /health HTTP/1.1\" 200 75 \"-\" \"HTTPie\"","service":"aquisitions-api"}
{"level":"info","message":"::1 - - [08/Nov/2025:13:20:26 +0000] \"GET /health HTTP/1.1\" 200 75 \"-\" \"HTTPie\"","service":"aquisitions-api"}
{"level":"info","message":"::1 - - [08/Nov/2025:13:20:26 +0000] \"GET /health HTTP/1.1\" 200 75 \"-\" \"HTTPie\"","service":"aquisitions-api"}
{"level":"info","message":"::1 - - [08/Nov/2025:13:22:42 +0000] \"GET /health HTTP/1.1\" 200 73 \"-\" \"HTTPie\"","service":"aquisitions-api"}
{"level":"info","message":"::1 - - [08/Nov/2025:13:22:43 +0000] \"GET /health HTTP/1.1\" 200 73 \"-\" \"HTTPie\"","service":"aquisitions-api"}
{"level":"info","message":"::1 - - [08/Nov/2025:13:22:44 +0000] \"GET /health HTTP/1.1\" 200 73 \"-\" \"HTTPie\"","service":"aquisitions-api"}
{"level":"info","message":"::1 - - [08/Nov/2025:13:22:44 +0000] \"GET /health HTTP/1.1\" 200 73 \"-\" \"HTTPie\"","service":"aquisitions-api"}
{"level":"info","message":"::1 - - [08/Nov/2025:13:22:45 +0000] \"GET /health HTTP/1.1\" 200 73 \"-\" \"HTTPie\"","service":"aquisitions-api"}
{"level":"info","message":"::1 - - [08/Nov/2025:13:22:45 +0000] \"GET /health HTTP/1.1\" 500 91 \"-\" \"HTTPie\"","service":"aquisitions-api"}
{"level":"info","message":"::1 - - [08/Nov/2025:13:22:45 +0000] \"GET /health HTTP/1.1\" 500 91 \"-\" \"HTTPie\"","service":"aquisitions-api"}
{"level":"info","message":"::1 - - [08/Nov/2025:13:22:46 +0000] \"GET /health HTTP/1.1\" 500 91 \"-\" \"HTTPie\"","service":"aquisitions-api"}
{"level":"info","message":"::1 - - [08/Nov/2025:13:22:48 +0000] \"GET /health HTTP/1.1\" 500 91 \"-\" \"HTTPie\"","service":"aquisitions-api"}
{"level":"info","message":"::1 - - [08/Nov/2025:13:22:48 +0000] \"GET /health HTTP/1.1\" 500 91 \"-\" \"HTTPie\"","service":"aquisitions-api"}
{"level":"info","message":"::1 - - [08/Nov/2025:13:23:35 +0000] \"GET /health HTTP/1.1\" 200 73 \"-\" \"HTTPie\"","service":"aquisitions-api"}
{"level":"info","message":"::1 - - [08/Nov/2025:13:23:36 +0000] \"GET /health HTTP/1.1\" 200 73 \"-\" \"HTTPie\"","service":"aquisitions-api"}
{"level":"info","message":"::1 - - [08/Nov/2025:13:23:37 +0000] \"GET /health HTTP/1.1\" 200 73 \"-\" \"HTTPie\"","service":"aquisitions-api"}
{"ip":"::1","level":"warn","message":"Rate limit exceeded","path":"/health","service":"aquisitions-api","userAgent":"HTTPie"}
{"level":"info","message":"::1 - - [08/Nov/2025:13:23:37 +0000] \"GET /health HTTP/1.1\" 403 51 \"-\" \"HTTPie\"","service":"aquisitions-api"}
{"ip":"::1","level":"warn","message":"Rate limit exceeded","path":"/health","service":"aquisitions-api","userAgent":"HTTPie"}
{"level":"info","message":"::1 - - [08/Nov/2025:13:23:38 +0000] \"GET /health HTTP/1.1\" 403 51 \"-\" \"HTTPie\"","service":"aquisitions-api"}
{"ip":"::1","level":"warn","message":"Rate limit exceeded","path":"/health","service":"aquisitions-api","userAgent":"HTTPie"}
{"level":"info","message":"::1 - - [08/Nov/2025:13:23:40 +0000] \"GET /health HTTP/1.1\" 403 51 \"-\" \"HTTPie\"","service":"aquisitions-api"}
{"level":"info","message":"::1 - - [08/Nov/2025:13:23:54 +0000] \"GET /health HTTP/1.1\" 200 73 \"-\" \"HTTPie\"","service":"aquisitions-api"}
{"ip":"::1","level":"warn","message":"Rate limit exceeded","path":"/health","service":"aquisitions-api","userAgent":"HTTPie"}
{"level":"info","message":"::1 - - [08/Nov/2025:13:23:55 +0000] \"GET /health HTTP/1.1\" 403 51 \"-\" \"HTTPie\"","service":"aquisitions-api"}
{"ip":"::1","level":"warn","message":"Rate limit exceeded","path":"/health","service":"aquisitions-api","userAgent":"HTTPie"}
{"level":"info","message":"::1 - - [08/Nov/2025:13:23:55 +0000] \"GET /health HTTP/1.1\" 403 51 \"-\" \"HTTPie\"","service":"aquisitions-api"}
{"ip":"::1","level":"warn","message":"Rate limit exceeded","path":"/health","service":"aquisitions-api","userAgent":"HTTPie"}
{"level":"info","message":"::1 - - [08/Nov/2025:13:23:56 +0000] \"GET /health HTTP/1.1\" 403 51 \"-\" \"HTTPie\"","service":"aquisitions-api"}
{"ip":"::1","level":"warn","message":"Rate limit exceeded","path":"/health","service":"aquisitions-api","userAgent":"HTTPie"}
{"level":"info","message":"::1 - - [08/Nov/2025:13:23:57 +0000] \"GET /health HTTP/1.1\" 403 51 \"-\" \"HTTPie\"","service":"aquisitions-api"}
{"ip":"::1","level":"warn","message":"Rate limit exceeded","path":"/health","service":"aquisitions-api","userAgent":"HTTPie"}
{"level":"info","message":"::1 - - [08/Nov/2025:13:23:57 +0000] \"GET /health HTTP/1.1\" 403 51 \"-\" \"HTTPie\"","service":"aquisitions-api"}
{"ip":"::1","level":"warn","message":"Rate limit exceeded","path":"/health","service":"aquisitions-api","userAgent":"HTTPie"}
{"level":"info","message":"::1 - - [08/Nov/2025:13:23:57 +0000] \"GET /health HTTP/1.1\" 403 51 \"-\" \"HTTPie\"","service":"aquisitions-api"}
{"ip":"::1","level":"warn","message":"Rate limit exceeded","path":"/health","service":"aquisitions-api","userAgent":"HTTPie"}
{"level":"info","message":"::1 - - [08/Nov/2025:13:24:02 +0000] \"GET /health HTTP/1.1\" 403 51 \"-\" \"HTTPie\"","service":"aquisitions-api"}
{"ip":"::1","level":"warn","message":"Rate limit exceeded","path":"/health","service":"aquisitions-api","userAgent":"HTTPie"}
{"level":"info","message":"::1 - - [08/Nov/2025:13:24:03 +0000] \"GET /health HTTP/1.1\" 403 51 \"-\" \"HTTPie\"","service":"aquisitions-api"}
{"ip":"::1","level":"warn","message":"Rate limit exceeded","path":"/health","service":"aquisitions-api","userAgent":"HTTPie"}
{"level":"info","message":"::1 - - [08/Nov/2025:13:24:04 +0000] \"GET /health HTTP/1.1\" 403 51 \"-\" \"HTTPie\"","service":"aquisitions-api"}
{"ip":"::1","level":"warn","message":"Rate limit exceeded","path":"/health","service":"aquisitions-api","userAgent":"HTTPie"}
{"level":"info","message":"::1 - - [08/Nov/2025:13:24:04 +0000] \"GET /health HTTP/1.1\" 403 51 \"-\" \"HTTPie\"","service":"aquisitions-api"}
{"ip":"::1","level":"warn","message":"Rate limit exceeded","path":"/health","service":"aquisitions-api","userAgent":"HTTPie"}
{"level":"info","message":"::1 - - [08/Nov/2025:13:24:04 +0000] \"GET /health HTTP/1.1\" 403 51 \"-\" \"HTTPie\"","service":"aquisitions-api"}
{"ip":"::1","level":"warn","message":"Rate limit exceeded","path":"/health","service":"aquisitions-api","userAgent":"HTTPie"}
{"level":"info","message":"::1 - - [08/Nov/2025:13:24:04 +0000] \"GET /health HTTP/1.1\" 403 51 \"-\" \"HTTPie\"","service":"aquisitions-api"}
{"level":"info","message":"::1 - - [08/Nov/2025:13:24:23 +0000] \"GET /health HTTP/1.1\" 200 74 \"-\" \"HTTPie\"","service":"aquisitions-api"}
{"ip":"::1","level":"warn","message":"Rate limit exceeded","path":"/health","service":"aquisitions-api","userAgent":"HTTPie"}
{"level":"info","message":"::1 - - [08/Nov/2025:13:24:27 +0000] \"GET /health HTTP/1.1\" 403 51 \"-\" \"HTTPie\"","service":"aquisitions-api"}
{"ip":"::1","level":"warn","message":"Rate limit exceeded","path":"/health","service":"aquisitions-api","userAgent":"HTTPie"}
{"level":"info","message":"::1 - - [08/Nov/2025:13:24:29 +0000] \"GET /health HTTP/1.1\" 403 51 \"-\" \"HTTPie\"","service":"aquisitions-api"}
{"ip":"::1","level":"warn","message":"Rate limit exceeded","path":"/health","service":"aquisitions-api","userAgent":"HTTPie"}
{"level":"info","message":"::1 - - [08/Nov/2025:13:24:29 +0000] \"GET /health HTTP/1.1\" 403 51 \"-\" \"HTTPie\"","service":"aquisitions-api"}
{"ip":"::1","level":"warn","message":"Rate limit exceeded","path":"/health","service":"aquisitions-api","userAgent":"HTTPie"}
{"level":"info","message":"::1 - - [08/Nov/2025:13:24:29 +0000] \"GET /health HTTP/1.1\" 403 51 \"-\" \"HTTPie\"","service":"aquisitions-api"}
{"ip":"::1","level":"warn","message":"Rate limit exceeded","path":"/health","service":"aquisitions-api","userAgent":"HTTPie"}
{"level":"info","message":"::1 - - [08/Nov/2025:13:24:29 +0000] \"GET /health HTTP/1.1\" 403 51 \"-\" \"HTTPie\"","service":"aquisitions-api"}
{"ip":"::1","level":"warn","message":"Rate limit exceeded","path":"/health","service":"aquisitions-api","userAgent":"HTTPie"}
{"level":"info","message":"::1 - - [08/Nov/2025:13:24:29 +0000] \"GET /health HTTP/1.1\" 403 51 \"-\" \"HTTPie\"","service":"aquisitions-api"}
{"ip":"::1","level":"warn","message":"Rate limit exceeded","path":"/health","service":"aquisitions-api","userAgent":"HTTPie"}
{"level":"info","message":"::1 - - [08/Nov/2025:13:24:30 +0000] \"GET /health HTTP/1.1\" 403 51 \"-\" \"HTTPie\"","service":"aquisitions-api"}
{"ip":"::1","level":"warn","message":"Rate limit exceeded","path":"/health","service":"aquisitions-api","userAgent":"HTTPie"}
{"level":"info","message":"::1 - - [08/Nov/2025:13:24:30 +0000] \"GET /health HTTP/1.1\" 403 51 \"-\" \"HTTPie\"","service":"aquisitions-api"}
{"ip":"::1","level":"warn","message":"Rate limit exceeded","path":"/health","service":"aquisitions-api","userAgent":"HTTPie"}
{"level":"info","message":"::1 - - [08/Nov/2025:13:24:31 +0000] \"GET /health HTTP/1.1\" 403 51 \"-\" \"HTTPie\"","service":"aquisitions-api"}
{"ip":"::1","level":"warn","message":"Rate limit exceeded","path":"/health","service":"aquisitions-api","userAgent":"HTTPie"}
{"level":"info","message":"::1 - - [08/Nov/2025:13:24:31 +0000] \"GET /health HTTP/1.1\" 403 51 \"-\" \"HTTPie\"","service":"aquisitions-api"}
{"level":"info","message":"::1 - - [08/Nov/2025:13:26:08 +0000] \"GET /health HTTP/1.1\" 200 75 \"-\" \"HTTPie\"","service":"aquisitions-api"}
{"level":"info","message":"::1 - - [08/Nov/2025:13:26:10 +0000] \"GET /health HTTP/1.1\" 200 75 \"-\" \"HTTPie\"","service":"aquisitions-api"}
{"level":"info","message":"::1 - - [08/Nov/2025:13:26:10 +0000] \"GET /health HTTP/1.1\" 200 75 \"-\" \"HTTPie\"","service":"aquisitions-api"}
{"level":"info","message":"::1 - - [08/Nov/2025:13:26:10 +0000] \"GET /health HTTP/1.1\" 200 75 \"-\" \"HTTPie\"","service":"aquisitions-api"}
{"level":"info","message":"::1 - - [08/Nov/2025:13:26:11 +0000] \"GET /health HTTP/1.1\" 200 75 \"-\" \"HTTPie\"","service":"aquisitions-api"}
{"ip":"::1","level":"warn","message":"Rate limit exceeded","path":"/health","service":"aquisitions-api","userAgent":"HTTPie"}
{"level":"info","message":"::1 - - [08/Nov/2025:13:26:11 +0000] \"GET /health HTTP/1.1\" 403 51 \"-\" \"HTTPie\"","service":"aquisitions-api"}
{"ip":"::1","level":"warn","message":"Rate limit exceeded","path":"/health","service":"aquisitions-api","userAgent":"HTTPie"}
{"level":"info","message":"::1 - - [08/Nov/2025:13:26:12 +0000] \"GET /health HTTP/1.1\" 403 51 \"-\" \"HTTPie\"","service":"aquisitions-api"}
{"ip":"::1","level":"warn","message":"Rate limit exceeded","path":"/health","service":"aquisitions-api","userAgent":"HTTPie"}
{"level":"info","message":"::1 - - [08/Nov/2025:13:26:12 +0000] \"GET /health HTTP/1.1\" 403 51 \"-\" \"HTTPie\"","service":"aquisitions-api"}
{"ip":"::1","level":"warn","message":"Rate limit exceeded","path":"/health","service":"aquisitions-api","userAgent":"HTTPie"}
{"level":"info","message":"::1 - - [08/Nov/2025:13:26:13 +0000] \"GET /health HTTP/1.1\" 403 51 \"-\" \"HTTPie\"","service":"aquisitions-api"}
{"ip":"::1","level":"warn","message":"Rate limit exceeded","path":"/health","service":"aquisitions-api","userAgent":"HTTPie"}
{"level":"info","message":"::1 - - [08/Nov/2025:13:26:13 +0000] \"GET /health HTTP/1.1\" 403 51 \"-\" \"HTTPie\"","service":"aquisitions-api"}
{"ip":"::1","level":"warn","message":"Rate limit exceeded","path":"/health","service":"aquisitions-api","userAgent":"HTTPie"}
{"level":"info","message":"::1 - - [08/Nov/2025:13:26:44 +0000] \"GET /health HTTP/1.1\" 403 51 \"-\" \"HTTPie\"","service":"aquisitions-api"}
{"ip":"::1","level":"warn","message":"Rate limit exceeded","path":"/health","service":"aquisitions-api","userAgent":"HTTPie"}
{"level":"info","message":"::1 - - [08/Nov/2025:13:26:45 +0000] \"GET /health HTTP/1.1\" 403 51 \"-\" \"HTTPie\"","service":"aquisitions-api"}
{"ip":"::1","level":"warn","message":"Rate limit exceeded","path":"/health","service":"aquisitions-api","userAgent":"HTTPie"}
{"level":"info","message":"::1 - - [08/Nov/2025:13:26:46 +0000] \"GET /health HTTP/1.1\" 403 51 \"-\" \"HTTPie\"","service":"aquisitions-api"}
{"ip":"::1","level":"warn","message":"Rate limit exceeded","path":"/health","service":"aquisitions-api","userAgent":"HTTPie"}
{"level":"info","message":"::1 - - [08/Nov/2025:13:26:46 +0000] \"GET /health HTTP/1.1\" 403 51 \"-\" \"HTTPie\"","service":"aquisitions-api"}
